#
# There is insufficient memory for the Java Runtime Environment to continue.
# Native memory allocation (mmap) failed to map 250085376 bytes for committing reserved memory.
# Possible reasons:
#   The system is out of physical RAM or swap space
#   In 32 bit mode, the process size limit was hit
# Possible solutions:
#   Reduce memory load on the system
#   Increase physical memory or swap space
#   Check if swap backing store is full
#   Use 64 bit Java on a 64 bit OS
#   Decrease Java heap size (-Xmx/-Xms)
#   Decrease number of Java threads
#   Decrease Java thread stack sizes (-Xss)
#   Set larger code cache with -XX:ReservedCodeCacheSize=
# This output file may be truncated or incomplete.
#
#  Out of Memory Error (os_linux.cpp:2630), pid=24648, tid=0x00007fe9d08d7700
#
# JRE version: OpenJDK Runtime Environment (8.0_121-b13) (build 1.8.0_121-8u121-b13-0ubuntu1.16.04.2-b13)
# Java VM: OpenJDK 64-Bit Server VM (25.121-b13 mixed mode linux-amd64 compressed oops)
# Failed to write core dump. Core dumps have been disabled. To enable core dumping, try "ulimit -c unlimited" before starting Java again
#

---------------  T H R E A D  ---------------

Current thread (0x00007fe9e0077000):  VMThread [stack: 0x00007fe9d07d7000,0x00007fe9d08d8000] [id=24654]

Stack: [0x00007fe9d07d7000,0x00007fe9d08d8000],  sp=0x00007fe9d08d64c0,  free space=1021k
Native frames: (J=compiled Java code, j=interpreted, Vv=VM code, C=native code)
V  [libjvm.so+0xa6647b]
V  [libjvm.so+0x4c32dc]
V  [libjvm.so+0x8b4b60]
V  [libjvm.so+0x8aefde]
V  [libjvm.so+0x929a16]
V  [libjvm.so+0x92ad43]
V  [libjvm.so+0x9273f3]
V  [libjvm.so+0x9276bc]
V  [libjvm.so+0x8d9553]
V  [libjvm.so+0xa68132]
V  [libjvm.so+0xa6d217]
V  [libjvm.so+0xa6a9e7]
V  [libjvm.so+0xa6be6f]
V  [libjvm.so+0xa6c361]
V  [libjvm.so+0x8b2042]

VM_Operation (0x00007fe9e9b8e760): ParallelGCFailedAllocation, mode: safepoint, requested by thread 0x00007fe9e0009800


---------------  P R O C E S S  ---------------

Java Threads: ( => current thread )
  0x00007fe9e00c1000 JavaThread "Service Thread" daemon [_thread_blocked, id=24661, stack(0x00007fe9d00d0000,0x00007fe9d01d1000)]
  0x00007fe9e00b1800 JavaThread "C1 CompilerThread2" daemon [_thread_blocked, id=24660, stack(0x00007fe9d01d1000,0x00007fe9d02d2000)]
  0x00007fe9e00af800 JavaThread "C2 CompilerThread1" daemon [_thread_blocked, id=24659, stack(0x00007fe9d02d2000,0x00007fe9d03d3000)]
  0x00007fe9e00ac800 JavaThread "C2 CompilerThread0" daemon [_thread_blocked, id=24658, stack(0x00007fe9d03d3000,0x00007fe9d04d4000)]
  0x00007fe9e00aa800 JavaThread "Signal Dispatcher" daemon [_thread_blocked, id=24657, stack(0x00007fe9d04d4000,0x00007fe9d05d5000)]
  0x00007fe9e0083800 JavaThread "Finalizer" daemon [_thread_blocked, id=24656, stack(0x00007fe9d05d5000,0x00007fe9d06d6000)]
  0x00007fe9e007f000 JavaThread "Reference Handler" daemon [_thread_blocked, id=24655, stack(0x00007fe9d06d6000,0x00007fe9d07d7000)]
  0x00007fe9e0009800 JavaThread "main" [_thread_blocked, id=24649, stack(0x00007fe9e9a8f000,0x00007fe9e9b90000)]

Other Threads:
=>0x00007fe9e0077000 VMThread [stack: 0x00007fe9d07d7000,0x00007fe9d08d8000] [id=24654]
  0x00007fe9e00c3800 WatcherThread [stack: 0x00007fe9bc1cf000,0x00007fe9bc2d0000] [id=24662]

VM state:at safepoint (normal execution)

VM Mutex/Monitor currently owned by a thread:  ([mutex/lock_event])
[0x00007fe9e0006030] Threads_lock - owner thread: 0x00007fe9e0077000
[0x00007fe9e0006530] Heap_lock - owner thread: 0x00007fe9e0009800

Heap:
 PSYoungGen      total 407552K, used 143K [0x00000000d7380000, 0x00000000f0280000, 0x0000000100000000)
  eden space 406528K, 0% used [0x00000000d7380000,0x00000000d7380000,0x00000000f0080000)
  from space 1024K, 14% used [0x00000000f0080000,0x00000000f00a3da8,0x00000000f0180000)
  to   space 1024K, 0% used [0x00000000f0180000,0x00000000f0180000,0x00000000f0280000)
 ParOldGen       total 84992K, used 460K [0x0000000085a00000, 0x000000008ad00000, 0x00000000d7380000)
  object space 84992K, 0% used [0x0000000085a00000,0x0000000085a730e0,0x000000008ad00000)
 Metaspace       used 3124K, capacity 4664K, committed 4864K, reserved 1056768K
  class space    used 338K, capacity 424K, committed 512K, reserved 1048576K

Card table byte_map: [0x00007fe9e5d78000,0x00007fe9e614c000] byte_map_base: 0x00007fe9e594b000

Marking Bits: (ParMarkBitMap*) 0x00007fe9e8d5c220
 Begin Bits: [0x00007fe9bc2d0000, 0x00007fe9be168000)
 End Bits:   [0x00007fe9be168000, 0x00007fe9c0000000)

Polling page: 0x00007fe9e9bae000

CodeCache: size=245760Kb used=1137Kb max_used=1149Kb free=244622Kb
 bounds [0x00007fe9d1000000, 0x00007fe9d1270000, 0x00007fe9e0000000]
 total_blobs=290 nmethods=48 adapters=158
 compilation: enabled

Compilation events (10 events):
Event: 5.191 Thread 0x00007fe9e00ac800   45       4       java.lang.StringBuilder::append (8 bytes)
Event: 5.193 Thread 0x00007fe9e00af800   44       4       java.lang.String::<init> (82 bytes)
Event: 5.206 Thread 0x00007fe9e00af800 nmethod 44 0x00007fe9d111cfd0 code [0x00007fe9d111d140, 0x00007fe9d111d478]
Event: 5.206 Thread 0x00007fe9e00af800   46       4       java.lang.StringBuilder::<init> (7 bytes)
Event: 5.209 Thread 0x00007fe9e00af800 nmethod 46 0x00007fe9d1118f90 code [0x00007fe9d11190e0, 0x00007fe9d11191d8]
Event: 5.211 Thread 0x00007fe9e00ac800 nmethod 45 0x00007fe9d111c5d0 code [0x00007fe9d111c740, 0x00007fe9d111cbb8]
Event: 5.251 Thread 0x00007fe9e00af800   47       4       java.lang.StringBuilder::toString (17 bytes)
Event: 5.251 Thread 0x00007fe9e00ac800   48       4       java.lang.StringBuilder::append (8 bytes)
Event: 5.254 Thread 0x00007fe9e00ac800 nmethod 48 0x00007fe9d111ea10 code [0x00007fe9d111eb80, 0x00007fe9d111ef18]
Event: 5.259 Thread 0x00007fe9e00af800 nmethod 47 0x00007fe9d111e290 code [0x00007fe9d111e400, 0x00007fe9d111e798]

GC Heap History (10 events):
Event: 5.259 GC heap after
Heap after GC invocations=6 (full 0):
 PSYoungGen      total 128000K, used 560K [0x00000000d7380000, 0x00000000df180000, 0x0000000100000000)
  eden space 126976K, 0% used [0x00000000d7380000,0x00000000d7380000,0x00000000def80000)
  from space 1024K, 54% used [0x00000000df080000,0x00000000df10c010,0x00000000df180000)
  to   space 1024K, 0% used [0x00000000def80000,0x00000000def80000,0x00000000df080000)
 ParOldGen       total 84992K, used 16K [0x0000000085a00000, 0x000000008ad00000, 0x00000000d7380000)
  object space 84992K, 0% used [0x0000000085a00000,0x0000000085a04000,0x000000008ad00000)
 Metaspace       used 3124K, capacity 4664K, committed 4864K, reserved 1056768K
  class space    used 338K, capacity 424K, committed 512K, reserved 1048576K
}
Event: 5.387 GC heap before
{Heap before GC invocations=7 (full 0):
 PSYoungGen      total 128000K, used 127536K [0x00000000d7380000, 0x00000000df180000, 0x0000000100000000)
  eden space 126976K, 100% used [0x00000000d7380000,0x00000000def80000,0x00000000def80000)
  from space 1024K, 54% used [0x00000000df080000,0x00000000df10c010,0x00000000df180000)
  to   space 1024K, 0% used [0x00000000def80000,0x00000000def80000,0x00000000df080000)
 ParOldGen       total 84992K, used 16K [0x0000000085a00000, 0x000000008ad00000, 0x00000000d7380000)
  object space 84992K, 0% used [0x0000000085a00000,0x0000000085a04000,0x000000008ad00000)
 Metaspace       used 3124K, capacity 4664K, committed 4864K, reserved 1056768K
  class space    used 338K, capacity 424K, committed 512K, reserved 1048576K
Event: 5.388 GC heap after
Heap after GC invocations=7 (full 0):
 PSYoungGen      total 128000K, used 83K [0x00000000d7380000, 0x00000000e6d80000, 0x0000000100000000)
  eden space 126976K, 0% used [0x00000000d7380000,0x00000000d7380000,0x00000000def80000)
  from space 1024K, 8% used [0x00000000def80000,0x00000000def94cb0,0x00000000df080000)
  to   space 1024K, 0% used [0x00000000e6c80000,0x00000000e6c80000,0x00000000e6d80000)
 ParOldGen       total 84992K, used 444K [0x0000000085a00000, 0x000000008ad00000, 0x00000000d7380000)
  object space 84992K, 0% used [0x0000000085a00000,0x0000000085a6f0e0,0x000000008ad00000)
 Metaspace       used 3124K, capacity 4664K, committed 4864K, reserved 1056768K
  class space    used 338K, capacity 424K, committed 512K, reserved 1048576K
}
Event: 5.402 GC heap before
{Heap before GC invocations=8 (full 0):
 PSYoungGen      total 128000K, used 127059K [0x00000000d7380000, 0x00000000e6d80000, 0x0000000100000000)
  eden space 126976K, 100% used [0x00000000d7380000,0x00000000def80000,0x00000000def80000)
  from space 1024K, 8% used [0x00000000def80000,0x00000000def94cb0,0x00000000df080000)
  to   space 1024K, 0% used [0x00000000e6c80000,0x00000000e6c80000,0x00000000e6d80000)
 ParOldGen       total 84992K, used 444K [0x0000000085a00000, 0x000000008ad00000, 0x00000000d7380000)
  object space 84992K, 0% used [0x0000000085a00000,0x0000000085a6f0e0,0x000000008ad00000)
 Metaspace       used 3124K, capacity 4664K, committed 4864K, reserved 1056768K
  class space    used 338K, capacity 424K, committed 512K, reserved 1048576K
Event: 5.403 GC heap after
Heap after GC invocations=8 (full 0):
 PSYoungGen      total 254976K, used 76K [0x00000000d7380000, 0x00000000e6d80000, 0x0000000100000000)
  eden space 253952K, 0% used [0x00000000d7380000,0x00000000d7380000,0x00000000e6b80000)
  from space 1024K, 7% used [0x00000000e6c80000,0x00000000e6c93130,0x00000000e6d80000)
  to   space 1024K, 0% used [0x00000000e6b80000,0x00000000e6b80000,0x00000000e6c80000)
 ParOldGen       total 84992K, used 460K [0x0000000085a00000, 0x000000008ad00000, 0x00000000d7380000)
  object space 84992K, 0% used [0x0000000085a00000,0x0000000085a730e0,0x000000008ad00000)
 Metaspace       used 3124K, capacity 4664K, committed 4864K, reserved 1056768K
  class space    used 338K, capacity 424K, committed 512K, reserved 1048576K
}
Event: 5.594 GC heap before
{Heap before GC invocations=9 (full 0):
 PSYoungGen      total 254976K, used 254028K [0x00000000d7380000, 0x00000000e6d80000, 0x0000000100000000)
  eden space 253952K, 100% used [0x00000000d7380000,0x00000000e6b80000,0x00000000e6b80000)
  from space 1024K, 7% used [0x00000000e6c80000,0x00000000e6c93130,0x00000000e6d80000)
  to   space 1024K, 0% used [0x00000000e6b80000,0x00000000e6b80000,0x00000000e6c80000)
 ParOldGen       total 84992K, used 460K [0x0000000085a00000, 0x000000008ad00000, 0x00000000d7380000)
  object space 84992K, 0% used [0x0000000085a00000,0x0000000085a730e0,0x000000008ad00000)
 Metaspace       used 3124K, capacity 4664K, committed 4864K, reserved 1056768K
  class space    used 338K, capacity 424K, committed 512K, reserved 1048576K
Event: 5.595 GC heap after
Heap after GC invocations=9 (full 0):
 PSYoungGen      total 254976K, used 32K [0x00000000d7380000, 0x00000000f0280000, 0x0000000100000000)
  eden space 253952K, 0% used [0x00000000d7380000,0x00000000d7380000,0x00000000e6b80000)
  from space 1024K, 3% used [0x00000000e6b80000,0x00000000e6b88000,0x00000000e6c80000)
  to   space 1024K, 0% used [0x00000000f0180000,0x00000000f0180000,0x00000000f0280000)
 ParOldGen       total 84992K, used 460K [0x0000000085a00000, 0x000000008ad00000, 0x00000000d7380000)
  object space 84992K, 0% used [0x0000000085a00000,0x0000000085a730e0,0x000000008ad00000)
 Metaspace       used 3124K, capacity 4664K, committed 4864K, reserved 1056768K
  class space    used 338K, capacity 424K, committed 512K, reserved 1048576K
}
Event: 5.628 GC heap before
{Heap before GC invocations=10 (full 0):
 PSYoungGen      total 254976K, used 253984K [0x00000000d7380000, 0x00000000f0280000, 0x0000000100000000)
  eden space 253952K, 100% used [0x00000000d7380000,0x00000000e6b80000,0x00000000e6b80000)
  from space 1024K, 3% used [0x00000000e6b80000,0x00000000e6b88000,0x00000000e6c80000)
  to   space 1024K, 0% used [0x00000000f0180000,0x00000000f0180000,0x00000000f0280000)
 ParOldGen       total 84992K, used 460K [0x0000000085a00000, 0x000000008ad00000, 0x00000000d7380000)
  object space 84992K, 0% used [0x0000000085a00000,0x0000000085a730e0,0x000000008ad00000)
 Metaspace       used 3124K, capacity 4664K, committed 4864K, reserved 1056768K
  class space    used 338K, capacity 424K, committed 512K, reserved 1048576K
Event: 5.629 GC heap after
Heap after GC invocations=10 (full 0):
 PSYoungGen      total 407552K, used 32K [0x00000000d7380000, 0x00000000f0280000, 0x0000000100000000)
  eden space 406528K, 0% used [0x00000000d7380000,0x00000000d7380000,0x00000000f0080000)
  from space 1024K, 3% used [0x00000000f0180000,0x00000000f0188000,0x00000000f0280000)
  to   space 1024K, 0% used [0x00000000f0080000,0x00000000f0080000,0x00000000f0180000)
 ParOldGen       total 84992K, used 460K [0x0000000085a00000, 0x000000008ad00000, 0x00000000d7380000)
  object space 84992K, 0% used [0x0000000085a00000,0x0000000085a730e0,0x000000008ad00000)
 Metaspace       used 3124K, capacity 4664K, committed 4864K, reserved 1056768K
  class space    used 338K, capacity 424K, committed 512K, reserved 1048576K
}
Event: 6.327 GC heap before
{Heap before GC invocations=11 (full 0):
 PSYoungGen      total 407552K, used 406560K [0x00000000d7380000, 0x00000000f0280000, 0x0000000100000000)
  eden space 406528K, 100% used [0x00000000d7380000,0x00000000f0080000,0x00000000f0080000)
  from space 1024K, 3% used [0x00000000f0180000,0x00000000f0188000,0x00000000f0280000)
  to   space 1024K, 0% used [0x00000000f0080000,0x00000000f0080000,0x00000000f0180000)
 ParOldGen       total 84992K, used 460K [0x0000000085a00000, 0x000000008ad00000, 0x00000000d7380000)
  object space 84992K, 0% used [0x0000000085a00000,0x0000000085a730e0,0x000000008ad00000)
 Metaspace       used 3124K, capacity 4664K, committed 4864K, reserved 1056768K
  class space    used 338K, capacity 424K, committed 512K, reserved 1048576K

Deoptimization events (0 events):
No events

Internal exceptions (3 events):
Event: 0.047 Thread 0x00007fe9e0009800 Exception <a 'java/lang/NoSuchMethodError': Method sun.misc.Unsafe.defineClass(Ljava/lang/String;[BII)Ljava/lang/Class; name or signature does not match> (0x00000000d7387ca8) thrown at [/build/openjdk-8-YiEakL/openjdk-8-8u121-b13/src/hotspot/src/share/vm/
Event: 0.047 Thread 0x00007fe9e0009800 Exception <a 'java/lang/NoSuchMethodError': Method sun.misc.Unsafe.prefetchRead(Ljava/lang/Object;J)V name or signature does not match> (0x00000000d7387f90) thrown at [/build/openjdk-8-YiEakL/openjdk-8-8u121-b13/src/hotspot/src/share/vm/prims/jni.cpp, lin
Event: 5.100 Thread 0x00007fe9e0009800 Exception <a 'java/lang/NullPointerException'> (0x00000000d74f9df8) thrown at [/build/openjdk-8-YiEakL/openjdk-8-8u121-b13/src/hotspot/src/share/vm/interpreter/linkResolver.cpp, line 1178]

Events (10 events):
Event: 5.259 Executing VM operation: ParallelGCFailedAllocation done
Event: 5.387 Executing VM operation: ParallelGCFailedAllocation
Event: 5.389 Executing VM operation: ParallelGCFailedAllocation done
Event: 5.402 Executing VM operation: ParallelGCFailedAllocation
Event: 5.403 Executing VM operation: ParallelGCFailedAllocation done
Event: 5.594 Executing VM operation: ParallelGCFailedAllocation
Event: 5.596 Executing VM operation: ParallelGCFailedAllocation done
Event: 5.628 Executing VM operation: ParallelGCFailedAllocation
Event: 5.629 Executing VM operation: ParallelGCFailedAllocation done
Event: 6.327 Executing VM operation: ParallelGCFailedAllocation


Dynamic libraries:
00400000-00401000 r-xp 00000000 08:07 806117                             /usr/lib/jvm/java-8-openjdk-amd64/jre/bin/java
00600000-00601000 r--p 00000000 08:07 806117                             /usr/lib/jvm/java-8-openjdk-amd64/jre/bin/java
00601000-00602000 rw-p 00001000 08:07 806117                             /usr/lib/jvm/java-8-openjdk-amd64/jre/bin/java
02026000-02047000 rw-p 00000000 00:00 0                                  [heap]
85a00000-8ad00000 rw-p 00000000 00:00 0 
8ad00000-d7380000 ---p 00000000 00:00 0 
d7380000-f0280000 rw-p 00000000 00:00 0 
ff100000-100000000 ---p 00000000 00:00 0 
100000000-100080000 rw-p 00000000 00:00 0 
100080000-140000000 ---p 00000000 00:00 0 
7fe990000000-7fe990021000 rw-p 00000000 00:00 0 
7fe990021000-7fe994000000 ---p 00000000 00:00 0 
7fe998000000-7fe998036000 rw-p 00000000 00:00 0 
7fe998036000-7fe99c000000 ---p 00000000 00:00 0 
7fe99c000000-7fe99c021000 rw-p 00000000 00:00 0 
7fe99c021000-7fe9a0000000 ---p 00000000 00:00 0 
7fe9a0000000-7fe9a0099000 rw-p 00000000 00:00 0 
7fe9a0099000-7fe9a4000000 ---p 00000000 00:00 0 
7fe9a4000000-7fe9a4065000 rw-p 00000000 00:00 0 
7fe9a4065000-7fe9a8000000 ---p 00000000 00:00 0 
7fe9a8000000-7fe9a8021000 rw-p 00000000 00:00 0 
7fe9a8021000-7fe9ac000000 ---p 00000000 00:00 0 
7fe9ae697000-7fe9ae998000 rw-p 00000000 00:00 0 
7fe9ae998000-7fe9ae9af000 r-xp 00000000 08:07 792933                     /usr/lib/jvm/java-8-openjdk-amd64/jre/lib/amd64/libnet.so
7fe9ae9af000-7fe9aebae000 ---p 00017000 08:07 792933                     /usr/lib/jvm/java-8-openjdk-amd64/jre/lib/amd64/libnet.so
7fe9aebae000-7fe9aebaf000 r--p 00016000 08:07 792933                     /usr/lib/jvm/java-8-openjdk-amd64/jre/lib/amd64/libnet.so
7fe9aebaf000-7fe9aebb0000 rw-p 00017000 08:07 792933                     /usr/lib/jvm/java-8-openjdk-amd64/jre/lib/amd64/libnet.so
7fe9aebb0000-7fe9b0000000 r--p 00000000 08:07 1051442                    /usr/lib/locale/locale-archive
7fe9b0000000-7fe9b0021000 rw-p 00000000 00:00 0 
7fe9b0021000-7fe9b4000000 ---p 00000000 00:00 0 
7fe9b4000000-7fe9b4021000 rw-p 00000000 00:00 0 
7fe9b4021000-7fe9b8000000 ---p 00000000 00:00 0 
7fe9b8000000-7fe9b8021000 rw-p 00000000 00:00 0 
7fe9b8021000-7fe9bc000000 ---p 00000000 00:00 0 
7fe9bc1cf000-7fe9bc1d0000 ---p 00000000 00:00 0 
7fe9bc1d0000-7fe9c0000000 rw-p 00000000 00:00 0 
7fe9c0000000-7fe9c0021000 rw-p 00000000 00:00 0 
7fe9c0021000-7fe9c4000000 ---p 00000000 00:00 0 
7fe9c4000000-7fe9c4021000 rw-p 00000000 00:00 0 
7fe9c4021000-7fe9c8000000 ---p 00000000 00:00 0 
7fe9c8000000-7fe9c8021000 rw-p 00000000 00:00 0 
7fe9c8021000-7fe9cc000000 ---p 00000000 00:00 0 
7fe9cc000000-7fe9cc021000 rw-p 00000000 00:00 0 
7fe9cc021000-7fe9d0000000 ---p 00000000 00:00 0 
7fe9d009a000-7fe9d00b5000 r--s 001d6000 08:07 792969                     /usr/lib/jvm/java-8-openjdk-amd64/jre/lib/ext/nashorn.jar
7fe9d00b5000-7fe9d00d0000 r--s 00394000 08:07 792972                     /usr/lib/jvm/java-8-openjdk-amd64/jre/lib/ext/cldrdata.jar
7fe9d00d0000-7fe9d00d3000 ---p 00000000 00:00 0 
7fe9d00d3000-7fe9d01d1000 rw-p 00000000 00:00 0 
7fe9d01d1000-7fe9d01d4000 ---p 00000000 00:00 0 
7fe9d01d4000-7fe9d02d2000 rw-p 00000000 00:00 0 
7fe9d02d2000-7fe9d02d5000 ---p 00000000 00:00 0 
7fe9d02d5000-7fe9d03d3000 rw-p 00000000 00:00 0 
7fe9d03d3000-7fe9d03d6000 ---p 00000000 00:00 0 
7fe9d03d6000-7fe9d04d4000 rw-p 00000000 00:00 0 
7fe9d04d4000-7fe9d04d7000 ---p 00000000 00:00 0 
7fe9d04d7000-7fe9d05d5000 rw-p 00000000 00:00 0 
7fe9d05d5000-7fe9d05d8000 ---p 00000000 00:00 0 
7fe9d05d8000-7fe9d06d6000 rw-p 00000000 00:00 0 
7fe9d06d6000-7fe9d06d9000 ---p 00000000 00:00 0 
7fe9d06d9000-7fe9d07d7000 rw-p 00000000 00:00 0 
7fe9d07d7000-7fe9d07d8000 ---p 00000000 00:00 0 
7fe9d07d8000-7fe9d1000000 rw-p 00000000 00:00 0 
7fe9d1000000-7fe9d1270000 rwxp 00000000 00:00 0 
7fe9d1270000-7fe9e0000000 ---p 00000000 00:00 0 
7fe9e0000000-7fe9e015c000 rw-p 00000000 00:00 0 
7fe9e015c000-7fe9e4000000 ---p 00000000 00:00 0 
7fe9e4018000-7fe9e48d0000 rw-p 00000000 00:00 0 
7fe9e48d0000-7fe9e4a9e000 r--s 03c06000 08:07 806112                     /usr/lib/jvm/java-8-openjdk-amd64/jre/lib/rt.jar
7fe9e4a9e000-7fe9e4f54000 rw-p 00000000 00:00 0 
7fe9e4f54000-7fe9e5314000 ---p 00000000 00:00 0 
7fe9e5314000-7fe9e56e7000 rw-p 00000000 00:00 0 
7fe9e56e7000-7fe9e56e8000 ---p 00000000 00:00 0 
7fe9e56e8000-7fe9e57e8000 rw-p 00000000 00:00 0 
7fe9e57e8000-7fe9e57e9000 ---p 00000000 00:00 0 
7fe9e57e9000-7fe9e58e9000 rw-p 00000000 00:00 0 
7fe9e58e9000-7fe9e58ea000 ---p 00000000 00:00 0 
7fe9e58ea000-7fe9e59ea000 rw-p 00000000 00:00 0 
7fe9e59ea000-7fe9e59eb000 ---p 00000000 00:00 0 
7fe9e59eb000-7fe9e5b15000 rw-p 00000000 00:00 0 
7fe9e5b15000-7fe9e5d78000 ---p 00000000 00:00 0 
7fe9e5d78000-7fe9e5da2000 rw-p 00000000 00:00 0 
7fe9e5da2000-7fe9e6004000 ---p 00000000 00:00 0 
7fe9e6004000-7fe9e60cd000 rw-p 00000000 00:00 0 
7fe9e60cd000-7fe9e614b000 ---p 00000000 00:00 0 
7fe9e614b000-7fe9e6156000 rw-p 00000000 00:00 0 
7fe9e6156000-7fe9e650c000 ---p 00000000 00:00 0 
7fe9e650c000-7fe9e6514000 r-xp 00000000 08:07 792931                     /usr/lib/jvm/java-8-openjdk-amd64/jre/lib/amd64/libzip.so
7fe9e6514000-7fe9e6713000 ---p 00008000 08:07 792931                     /usr/lib/jvm/java-8-openjdk-amd64/jre/lib/amd64/libzip.so
7fe9e6713000-7fe9e6714000 r--p 00007000 08:07 792931                     /usr/lib/jvm/java-8-openjdk-amd64/jre/lib/amd64/libzip.so
7fe9e6714000-7fe9e6715000 rw-p 00008000 08:07 792931                     /usr/lib/jvm/java-8-openjdk-amd64/jre/lib/amd64/libzip.so
7fe9e6715000-7fe9e6720000 r-xp 00000000 08:07 1219539                    /lib/x86_64-linux-gnu/libnss_files-2.23.so
7fe9e6720000-7fe9e691f000 ---p 0000b000 08:07 1219539                    /lib/x86_64-linux-gnu/libnss_files-2.23.so
7fe9e691f000-7fe9e6920000 r--p 0000a000 08:07 1219539                    /lib/x86_64-linux-gnu/libnss_files-2.23.so
7fe9e6920000-7fe9e6921000 rw-p 0000b000 08:07 1219539                    /lib/x86_64-linux-gnu/libnss_files-2.23.so
7fe9e6921000-7fe9e6927000 rw-p 00000000 00:00 0 
7fe9e6927000-7fe9e6932000 r-xp 00000000 08:07 1219501                    /lib/x86_64-linux-gnu/libnss_nis-2.23.so
7fe9e6932000-7fe9e6b31000 ---p 0000b000 08:07 1219501                    /lib/x86_64-linux-gnu/libnss_nis-2.23.so
7fe9e6b31000-7fe9e6b32000 r--p 0000a000 08:07 1219501                    /lib/x86_64-linux-gnu/libnss_nis-2.23.so
7fe9e6b32000-7fe9e6b33000 rw-p 0000b000 08:07 1219501                    /lib/x86_64-linux-gnu/libnss_nis-2.23.so
7fe9e6b33000-7fe9e6b49000 r-xp 00000000 08:07 1219504                    /lib/x86_64-linux-gnu/libnsl-2.23.so
7fe9e6b49000-7fe9e6d48000 ---p 00016000 08:07 1219504                    /lib/x86_64-linux-gnu/libnsl-2.23.so
7fe9e6d48000-7fe9e6d49000 r--p 00015000 08:07 1219504                    /lib/x86_64-linux-gnu/libnsl-2.23.so
7fe9e6d49000-7fe9e6d4a000 rw-p 00016000 08:07 1219504                    /lib/x86_64-linux-gnu/libnsl-2.23.so
7fe9e6d4a000-7fe9e6d4c000 rw-p 00000000 00:00 0 
7fe9e6d4c000-7fe9e6d54000 r-xp 00000000 08:07 1219545                    /lib/x86_64-linux-gnu/libnss_compat-2.23.so
7fe9e6d54000-7fe9e6f53000 ---p 00008000 08:07 1219545                    /lib/x86_64-linux-gnu/libnss_compat-2.23.so
7fe9e6f53000-7fe9e6f54000 r--p 00007000 08:07 1219545                    /lib/x86_64-linux-gnu/libnss_compat-2.23.so
7fe9e6f54000-7fe9e6f55000 rw-p 00008000 08:07 1219545                    /lib/x86_64-linux-gnu/libnss_compat-2.23.so
7fe9e6f55000-7fe9e6f82000 r-xp 00000000 08:07 792958                     /usr/lib/jvm/java-8-openjdk-amd64/jre/lib/amd64/libjava.so
7fe9e6f82000-7fe9e7181000 ---p 0002d000 08:07 792958                     /usr/lib/jvm/java-8-openjdk-amd64/jre/lib/amd64/libjava.so
7fe9e7181000-7fe9e7182000 r--p 0002c000 08:07 792958                     /usr/lib/jvm/java-8-openjdk-amd64/jre/lib/amd64/libjava.so
7fe9e7182000-7fe9e7184000 rw-p 0002d000 08:07 792958                     /usr/lib/jvm/java-8-openjdk-amd64/jre/lib/amd64/libjava.so
7fe9e7184000-7fe9e7193000 r-xp 00000000 08:07 792924                     /usr/lib/jvm/java-8-openjdk-amd64/jre/lib/amd64/libverify.so
7fe9e7193000-7fe9e7392000 ---p 0000f000 08:07 792924                     /usr/lib/jvm/java-8-openjdk-amd64/jre/lib/amd64/libverify.so
7fe9e7392000-7fe9e7394000 r--p 0000e000 08:07 792924                     /usr/lib/jvm/java-8-openjdk-amd64/jre/lib/amd64/libverify.so
7fe9e7394000-7fe9e7395000 rw-p 00010000 08:07 792924                     /usr/lib/jvm/java-8-openjdk-amd64/jre/lib/amd64/libverify.so
7fe9e7395000-7fe9e739c000 r-xp 00000000 08:07 1219552                    /lib/x86_64-linux-gnu/librt-2.23.so
7fe9e739c000-7fe9e759b000 ---p 00007000 08:07 1219552                    /lib/x86_64-linux-gnu/librt-2.23.so
7fe9e759b000-7fe9e759c000 r--p 00006000 08:07 1219552                    /lib/x86_64-linux-gnu/librt-2.23.so
7fe9e759c000-7fe9e759d000 rw-p 00007000 08:07 1219552                    /lib/x86_64-linux-gnu/librt-2.23.so
7fe9e759d000-7fe9e75b3000 r-xp 00000000 08:07 1187337                    /lib/x86_64-linux-gnu/libgcc_s.so.1
7fe9e75b3000-7fe9e77b2000 ---p 00016000 08:07 1187337                    /lib/x86_64-linux-gnu/libgcc_s.so.1
7fe9e77b2000-7fe9e77b3000 rw-p 00015000 08:07 1187337                    /lib/x86_64-linux-gnu/libgcc_s.so.1
7fe9e77b3000-7fe9e78bb000 r-xp 00000000 08:07 1219503                    /lib/x86_64-linux-gnu/libm-2.23.so
7fe9e78bb000-7fe9e7aba000 ---p 00108000 08:07 1219503                    /lib/x86_64-linux-gnu/libm-2.23.so
7fe9e7aba000-7fe9e7abb000 r--p 00107000 08:07 1219503                    /lib/x86_64-linux-gnu/libm-2.23.so
7fe9e7abb000-7fe9e7abc000 rw-p 00108000 08:07 1219503                    /lib/x86_64-linux-gnu/libm-2.23.so
7fe9e7abc000-7fe9e7c2e000 r-xp 00000000 08:07 1052607                    /usr/lib/x86_64-linux-gnu/libstdc++.so.6.0.21
7fe9e7c2e000-7fe9e7e2e000 ---p 00172000 08:07 1052607                    /usr/lib/x86_64-linux-gnu/libstdc++.so.6.0.21
7fe9e7e2e000-7fe9e7e38000 r--p 00172000 08:07 1052607                    /usr/lib/x86_64-linux-gnu/libstdc++.so.6.0.21
7fe9e7e38000-7fe9e7e3a000 rw-p 0017c000 08:07 1052607                    /usr/lib/x86_64-linux-gnu/libstdc++.so.6.0.21
7fe9e7e3a000-7fe9e7e3e000 rw-p 00000000 00:00 0 
7fe9e7e3e000-7fe9e8a8e000 r-xp 00000000 08:07 792953                     /usr/lib/jvm/java-8-openjdk-amd64/jre/lib/amd64/server/libjvm.so
7fe9e8a8e000-7fe9e8c8d000 ---p 00c50000 08:07 792953                     /usr/lib/jvm/java-8-openjdk-amd64/jre/lib/amd64/server/libjvm.so
7fe9e8c8d000-7fe9e8d20000 r--p 00c4f000 08:07 792953                     /usr/lib/jvm/java-8-openjdk-amd64/jre/lib/amd64/server/libjvm.so
7fe9e8d20000-7fe9e8d49000 rw-p 00ce2000 08:07 792953                     /usr/lib/jvm/java-8-openjdk-amd64/jre/lib/amd64/server/libjvm.so
7fe9e8d49000-7fe9e8d79000 rw-p 00000000 00:00 0 
7fe9e8d79000-7fe9e8d91000 r-xp 00000000 08:07 1223420                    /lib/x86_64-linux-gnu/libpthread-2.23.so
7fe9e8d91000-7fe9e8f90000 ---p 00018000 08:07 1223420                    /lib/x86_64-linux-gnu/libpthread-2.23.so
7fe9e8f90000-7fe9e8f91000 r--p 00017000 08:07 1223420                    /lib/x86_64-linux-gnu/libpthread-2.23.so
7fe9e8f91000-7fe9e8f92000 rw-p 00018000 08:07 1223420                    /lib/x86_64-linux-gnu/libpthread-2.23.so
7fe9e8f92000-7fe9e8f96000 rw-p 00000000 00:00 0 
7fe9e8f96000-7fe9e8f99000 r-xp 00000000 08:07 1219499                    /lib/x86_64-linux-gnu/libdl-2.23.so
7fe9e8f99000-7fe9e9198000 ---p 00003000 08:07 1219499                    /lib/x86_64-linux-gnu/libdl-2.23.so
7fe9e9198000-7fe9e9199000 r--p 00002000 08:07 1219499                    /lib/x86_64-linux-gnu/libdl-2.23.so
7fe9e9199000-7fe9e919a000 rw-p 00003000 08:07 1219499                    /lib/x86_64-linux-gnu/libdl-2.23.so
7fe9e919a000-7fe9e91b3000 r-xp 00000000 08:07 1187489                    /lib/x86_64-linux-gnu/libz.so.1.2.8
7fe9e91b3000-7fe9e93b2000 ---p 00019000 08:07 1187489                    /lib/x86_64-linux-gnu/libz.so.1.2.8
7fe9e93b2000-7fe9e93b3000 r--p 00018000 08:07 1187489                    /lib/x86_64-linux-gnu/libz.so.1.2.8
7fe9e93b3000-7fe9e93b4000 rw-p 00019000 08:07 1187489                    /lib/x86_64-linux-gnu/libz.so.1.2.8
7fe9e93b4000-7fe9e9573000 r-xp 00000000 08:07 1219507                    /lib/x86_64-linux-gnu/libc-2.23.so
7fe9e9573000-7fe9e9773000 ---p 001bf000 08:07 1219507                    /lib/x86_64-linux-gnu/libc-2.23.so
7fe9e9773000-7fe9e9777000 r--p 001bf000 08:07 1219507                    /lib/x86_64-linux-gnu/libc-2.23.so
7fe9e9777000-7fe9e9779000 rw-p 001c3000 08:07 1219507                    /lib/x86_64-linux-gnu/libc-2.23.so
7fe9e9779000-7fe9e977d000 rw-p 00000000 00:00 0 
7fe9e977d000-7fe9e978a000 r-xp 00000000 08:07 792948                     /usr/lib/jvm/java-8-openjdk-amd64/jre/lib/amd64/jli/libjli.so
7fe9e978a000-7fe9e998a000 ---p 0000d000 08:07 792948                     /usr/lib/jvm/java-8-openjdk-amd64/jre/lib/amd64/jli/libjli.so
7fe9e998a000-7fe9e998b000 r--p 0000d000 08:07 792948                     /usr/lib/jvm/java-8-openjdk-amd64/jre/lib/amd64/jli/libjli.so
7fe9e998b000-7fe9e998c000 rw-p 0000e000 08:07 792948                     /usr/lib/jvm/java-8-openjdk-amd64/jre/lib/amd64/jli/libjli.so
7fe9e998c000-7fe9e99b2000 r-xp 00000000 08:07 1219511                    /lib/x86_64-linux-gnu/ld-2.23.so
7fe9e99b8000-7fe9e99ba000 r--s 00008000 08:07 792968                     /usr/lib/jvm/java-8-openjdk-amd64/jre/lib/ext/sunec.jar
7fe9e99ba000-7fe9e99c4000 r--s 00116000 08:07 792975                     /usr/lib/jvm/java-8-openjdk-amd64/jre/lib/ext/localedata.jar
7fe9e99c4000-7fe9e9a8f000 rw-p 00000000 00:00 0 
7fe9e9a8f000-7fe9e9a92000 ---p 00000000 00:00 0 
7fe9e9a92000-7fe9e9b95000 rw-p 00000000 00:00 0 
7fe9e9b95000-7fe9e9b99000 r--s 00037000 08:07 792974                     /usr/lib/jvm/java-8-openjdk-amd64/jre/lib/ext/sunpkcs11.jar
7fe9e9b99000-7fe9e9b9b000 r--s 00001000 08:07 792970                     /usr/lib/jvm/java-8-openjdk-amd64/jre/lib/ext/dnsns.jar
7fe9e9b9b000-7fe9e9b9c000 r--s 0000a000 08:07 792996                     /usr/lib/jvm/java-8-openjdk-amd64/jre/lib/ext/jaccess.jar
7fe9e9b9c000-7fe9e9b9d000 r--s 00010000 08:07 792973                     /usr/lib/jvm/java-8-openjdk-amd64/jre/lib/ext/zipfs.jar
7fe9e9b9d000-7fe9e9ba2000 r--s 0003b000 08:07 792976                     /usr/lib/jvm/java-8-openjdk-amd64/jre/lib/ext/sunjce_provider.jar
7fe9e9ba2000-7fe9e9ba5000 r--s 0000f000 08:07 792971                     /usr/lib/jvm/java-8-openjdk-amd64/jre/lib/ext/icedtea-sound.jar
7fe9e9ba5000-7fe9e9bad000 rw-s 00000000 08:07 921611                     /tmp/hsperfdata_thefoxqr/24648
7fe9e9bad000-7fe9e9bae000 rw-p 00000000 00:00 0 
7fe9e9bae000-7fe9e9baf000 ---p 00000000 00:00 0 
7fe9e9baf000-7fe9e9bb1000 rw-p 00000000 00:00 0 
7fe9e9bb1000-7fe9e9bb2000 r--p 00025000 08:07 1219511                    /lib/x86_64-linux-gnu/ld-2.23.so
7fe9e9bb2000-7fe9e9bb3000 rw-p 00026000 08:07 1219511                    /lib/x86_64-linux-gnu/ld-2.23.so
7fe9e9bb3000-7fe9e9bb4000 rw-p 00000000 00:00 0 
7ffcbb1a6000-7ffcbb1c7000 rw-p 00000000 00:00 0                          [stack]
7ffcbb1ea000-7ffcbb1ec000 r--p 00000000 00:00 0                          [vvar]
7ffcbb1ec000-7ffcbb1ee000 r-xp 00000000 00:00 0                          [vdso]
ffffffffff600000-ffffffffff601000 r-xp 00000000 00:00 0                  [vsyscall]

VM Arguments:
java_command: Server
java_class_path (initial): class
Launcher Type: SUN_STANDARD

Environment Variables:
PATH=/home/thefoxqr/bin:/home/thefoxqr/.local/bin:/usr/local/sbin:/usr/local/bin:/usr/sbin:/usr/bin:/sbin:/bin:/usr/games:/usr/local/games
SHELL=/bin/bash
DISPLAY=:0

Signal Handlers:
SIGSEGV: [libjvm.so+0xa66fd0], sa_mask[0]=11111111011111111101111111111110, sa_flags=SA_RESTART|SA_SIGINFO
SIGBUS: [libjvm.so+0xa66fd0], sa_mask[0]=11111111011111111101111111111110, sa_flags=SA_RESTART|SA_SIGINFO
SIGFPE: [libjvm.so+0x8b0180], sa_mask[0]=11111111011111111101111111111110, sa_flags=SA_RESTART|SA_SIGINFO
SIGPIPE: [libjvm.so+0x8b0180], sa_mask[0]=11111111011111111101111111111110, sa_flags=SA_RESTART|SA_SIGINFO
SIGXFSZ: [libjvm.so+0x8b0180], sa_mask[0]=11111111011111111101111111111110, sa_flags=SA_RESTART|SA_SIGINFO
SIGILL: [libjvm.so+0x8b0180], sa_mask[0]=11111111011111111101111111111110, sa_flags=SA_RESTART|SA_SIGINFO
SIGUSR1: SIG_DFL, sa_mask[0]=00000000000000000000000000000000, sa_flags=none
SIGUSR2: [libjvm.so+0x8b0030], sa_mask[0]=00000000000000000000000000000000, sa_flags=SA_RESTART|SA_SIGINFO
SIGHUP: [libjvm.so+0x8b0500], sa_mask[0]=11111111011111111101111111111110, sa_flags=SA_RESTART|SA_SIGINFO
SIGINT: [libjvm.so+0x8b0500], sa_mask[0]=11111111011111111101111111111110, sa_flags=SA_RESTART|SA_SIGINFO
SIGTERM: [libjvm.so+0x8b0500], sa_mask[0]=11111111011111111101111111111110, sa_flags=SA_RESTART|SA_SIGINFO
SIGQUIT: [libjvm.so+0x8b0500], sa_mask[0]=11111111011111111101111111111110, sa_flags=SA_RESTART|SA_SIGINFO


---------------  S Y S T E M  ---------------

OS:DISTRIB_ID="elementary"
DISTRIB_RELEASE=0.4
DISTRIB_CODENAME=loki
DISTRIB_DESCRIPTION="elementary OS 0.4 Loki"

uname:Linux 4.4.0-62-generic #83-Ubuntu SMP Wed Jan 18 14:10:15 UTC 2017 x86_64
libc:glibc 2.23 NPTL 2.23 
rlimit: STACK 8192k, CORE 0k, NPROC 30184, NOFILE 65536, AS infinity
load average:0.51 0.38 0.28

/proc/meminfo:
MemTotal:        8018616 kB
MemFree:          143956 kB
MemAvailable:      88580 kB
Buffers:            5556 kB
Cached:          1151708 kB
SwapCached:            0 kB
Active:          6493388 kB
Inactive:        1087224 kB
Active(anon):    6427392 kB
Inactive(anon):  1020052 kB
Active(file):      65996 kB
Inactive(file):    67172 kB
Unevictable:         248 kB
Mlocked:             248 kB
SwapTotal:             0 kB
SwapFree:              0 kB
Dirty:                16 kB
Writeback:             0 kB
AnonPages:       6424248 kB
Mapped:           870172 kB
Shmem:           1023300 kB
Slab:              99752 kB
SReclaimable:      38180 kB
SUnreclaim:        61572 kB
KernelStack:       33888 kB
PageTables:        88584 kB
NFS_Unstable:          0 kB
Bounce:                0 kB
WritebackTmp:          0 kB
CommitLimit:     4009308 kB
Committed_AS:   32814048 kB
VmallocTotal:   34359738367 kB
VmallocUsed:           0 kB
VmallocChunk:          0 kB
HardwareCorrupted:     0 kB
AnonHugePages:   3454976 kB
CmaTotal:              0 kB
CmaFree:               0 kB
HugePages_Total:       0
HugePages_Free:        0
HugePages_Rsvd:        0
HugePages_Surp:        0
Hugepagesize:       2048 kB
DirectMap4k:      208220 kB
DirectMap2M:     8024064 kB
DirectMap1G:           0 kB


CPU:total 4 (2 cores per cpu, 2 threads per core) family 6 model 78 stepping 3, cmov, cx8, fxsr, mmx, sse, sse2, sse3, ssse3, sse4.1, sse4.2, popcnt, avx, avx2, aes, clmul, erms, 3dnowpref, lzcnt, ht, tsc, tscinvbit, bmi1, bmi2, adx

/proc/cpuinfo:
processor	: 0
vendor_id	: GenuineIntel
cpu family	: 6
model		: 78
model name	: Intel(R) Core(TM) i5-6200U CPU @ 2.30GHz
stepping	: 3
microcode	: 0x82
cpu MHz		: 2699.906
cache size	: 3072 KB
physical id	: 0
siblings	: 4
core id		: 0
cpu cores	: 2
apicid		: 0
initial apicid	: 0
fpu		: yes
fpu_exception	: yes
cpuid level	: 22
wp		: yes
flags		: fpu vme de pse tsc msr pae mce cx8 apic sep mtrr pge mca cmov pat pse36 clflush dts acpi mmx fxsr sse sse2 ss ht tm pbe syscall nx pdpe1gb rdtscp lm constant_tsc art arch_perfmon pebs bts rep_good nopl xtopology nonstop_tsc aperfmperf eagerfpu pni pclmulqdq dtes64 monitor ds_cpl vmx est tm2 ssse3 sdbg fma cx16 xtpr pdcm pcid sse4_1 sse4_2 x2apic movbe popcnt tsc_deadline_timer aes xsave avx f16c rdrand lahf_lm abm 3dnowprefetch epb intel_pt tpr_shadow vnmi flexpriority ept vpid fsgsbase tsc_adjust bmi1 avx2 smep bmi2 erms invpcid mpx rdseed adx smap clflushopt xsaveopt xsavec xgetbv1 dtherm ida arat pln pts hwp hwp_notify hwp_act_window hwp_epp
bugs		:
bogomips	: 4799.92
clflush size	: 64
cache_alignment	: 64
address sizes	: 39 bits physical, 48 bits virtual
power management:

processor	: 1
vendor_id	: GenuineIntel
cpu family	: 6
model		: 78
model name	: Intel(R) Core(TM) i5-6200U CPU @ 2.30GHz
stepping	: 3
microcode	: 0x82
cpu MHz		: 2700.000
cache size	: 3072 KB
physical id	: 0
siblings	: 4
core id		: 1
cpu cores	: 2
apicid		: 2
initial apicid	: 2
fpu		: yes
fpu_exception	: yes
cpuid level	: 22
wp		: yes
flags		: fpu vme de pse tsc msr pae mce cx8 apic sep mtrr pge mca cmov pat pse36 clflush dts acpi mmx fxsr sse sse2 ss ht tm pbe syscall nx pdpe1gb rdtscp lm constant_tsc art arch_perfmon pebs bts rep_good nopl xtopology nonstop_tsc aperfmperf eagerfpu pni pclmulqdq dtes64 monitor ds_cpl vmx est tm2 ssse3 sdbg fma cx16 xtpr pdcm pcid sse4_1 sse4_2 x2apic movbe popcnt tsc_deadline_timer aes xsave avx f16c rdrand lahf_lm abm 3dnowprefetch epb intel_pt tpr_shadow vnmi flexpriority ept vpid fsgsbase tsc_adjust bmi1 avx2 smep bmi2 erms invpcid mpx rdseed adx smap clflushopt xsaveopt xsavec xgetbv1 dtherm ida arat pln pts hwp hwp_notify hwp_act_window hwp_epp
bugs		:
bogomips	: 4799.92
clflush size	: 64
cache_alignment	: 64
address sizes	: 39 bits physical, 48 bits virtual
power management:

processor	: 2
vendor_id	: GenuineIntel
cpu family	: 6
model		: 78
model name	: Intel(R) Core(TM) i5-6200U CPU @ 2.30GHz
stepping	: 3
microcode	: 0x82
cpu MHz		: 2699.906
cache size	: 3072 KB
physical id	: 0
siblings	: 4
core id		: 0
cpu cores	: 2
apicid		: 1
initial apicid	: 1
fpu		: yes
fpu_exception	: yes
cpuid level	: 22
wp		: yes
flags		: fpu vme de pse tsc msr pae mce cx8 apic sep mtrr pge mca cmov pat pse36 clflush dts acpi mmx fxsr sse sse2 ss ht tm pbe syscall nx pdpe1gb rdtscp lm constant_tsc art arch_perfmon pebs bts rep_good nopl xtopology nonstop_tsc aperfmperf eagerfpu pni pclmulqdq dtes64 monitor ds_cpl vmx est tm2 ssse3 sdbg fma cx16 xtpr pdcm pcid sse4_1 sse4_2 x2apic movbe popcnt tsc_deadline_timer aes xsave avx f16c rdrand lahf_lm abm 3dnowprefetch epb intel_pt tpr_shadow vnmi flexpriority ept vpid fsgsbase tsc_adjust bmi1 avx2 smep bmi2 erms invpcid mpx rdseed adx smap clflushopt xsaveopt xsavec xgetbv1 dtherm ida arat pln pts hwp hwp_notify hwp_act_window hwp_epp
bugs		:
bogomips	: 4799.92
clflush size	: 64
cache_alignment	: 64
address sizes	: 39 bits physical, 48 bits virtual
power management:

processor	: 3
vendor_id	: GenuineIntel
cpu family	: 6
model		: 78
model name	: Intel(R) Core(TM) i5-6200U CPU @ 2.30GHz
stepping	: 3
microcode	: 0x82
cpu MHz		: 2699.906
cache size	: 3072 KB
physical id	: 0
siblings	: 4
core id		: 1
cpu cores	: 2
apicid		: 3
initial apicid	: 3
fpu		: yes
fpu_exception	: yes
cpuid level	: 22
wp		: yes
flags		: fpu vme de pse tsc msr pae mce cx8 apic sep mtrr pge mca cmov pat pse36 clflush dts acpi mmx fxsr sse sse2 ss ht tm pbe syscall nx pdpe1gb rdtscp lm constant_tsc art arch_perfmon pebs bts rep_good nopl xtopology nonstop_tsc aperfmperf eagerfpu pni pclmulqdq dtes64 monitor ds_cpl vmx est tm2 ssse3 sdbg fma cx16 xtpr pdcm pcid sse4_1 sse4_2 x2apic movbe popcnt tsc_deadline_timer aes xsave avx f16c rdrand lahf_lm abm 3dnowprefetch epb intel_pt tpr_shadow vnmi flexpriority ept vpid fsgsbase tsc_adjust bmi1 avx2 smep bmi2 erms invpcid mpx rdseed adx smap clflushopt xsaveopt xsavec xgetbv1 dtherm ida arat pln pts hwp hwp_notify hwp_act_window hwp_epp
bugs		:
bogomips	: 4799.92
clflush size	: 64
cache_alignment	: 64
address sizes	: 39 bits physical, 48 bits virtual
power management:



Memory: 4k page, physical 8018616k(144300k free), swap 0k(0k free)

vm_info: OpenJDK 64-Bit Server VM (25.121-b13) for linux-amd64 JRE (1.8.0_121-8u121-b13-0ubuntu1.16.04.2-b13), built on Jan 23 2017 15:51:29 by "buildd" with gcc 5.4.0 20160609

time: Sun Apr 23 11:12:40 2017
elapsed time: 6 seconds (0d 0h 0m 6s)

