#
# There is insufficient memory for the Java Runtime Environment to continue.
# Native memory allocation (mmap) failed to map 250085376 bytes for committing reserved memory.
# Possible reasons:
#   The system is out of physical RAM or swap space
#   In 32 bit mode, the process size limit was hit
# Possible solutions:
#   Reduce memory load on the system
#   Increase physical memory or swap space
#   Check if swap backing store is full
#   Use 64 bit Java on a 64 bit OS
#   Decrease Java heap size (-Xmx/-Xms)
#   Decrease number of Java threads
#   Decrease Java thread stack sizes (-Xss)
#   Set larger code cache with -XX:ReservedCodeCacheSize=
# This output file may be truncated or incomplete.
#
#  Out of Memory Error (os_linux.cpp:2630), pid=24812, tid=0x00007fb5102f2700
#
# JRE version: OpenJDK Runtime Environment (8.0_121-b13) (build 1.8.0_121-8u121-b13-0ubuntu1.16.04.2-b13)
# Java VM: OpenJDK 64-Bit Server VM (25.121-b13 mixed mode linux-amd64 compressed oops)
# Failed to write core dump. Core dumps have been disabled. To enable core dumping, try "ulimit -c unlimited" before starting Java again
#

---------------  T H R E A D  ---------------

Current thread (0x00007fb520077000):  VMThread [stack: 0x00007fb5101f2000,0x00007fb5102f3000] [id=24818]

Stack: [0x00007fb5101f2000,0x00007fb5102f3000],  sp=0x00007fb5102f14c0,  free space=1021k
Native frames: (J=compiled Java code, j=interpreted, Vv=VM code, C=native code)
V  [libjvm.so+0xa6647b]
V  [libjvm.so+0x4c32dc]
V  [libjvm.so+0x8b4b60]
V  [libjvm.so+0x8aefde]
V  [libjvm.so+0x929a16]
V  [libjvm.so+0x92ad43]
V  [libjvm.so+0x9273f3]
V  [libjvm.so+0x9276bc]
V  [libjvm.so+0x8d9553]
V  [libjvm.so+0xa68132]
V  [libjvm.so+0xa6d217]
V  [libjvm.so+0xa6a9e7]
V  [libjvm.so+0xa6be6f]
V  [libjvm.so+0xa6c361]
V  [libjvm.so+0x8b2042]

VM_Operation (0x00007fb5295af740): ParallelGCFailedAllocation, mode: safepoint, requested by thread 0x00007fb520009800


---------------  P R O C E S S  ---------------

Java Threads: ( => current thread )
  0x00007fb5200c1000 JavaThread "Service Thread" daemon [_thread_blocked, id=24825, stack(0x00007fb4f27ac000,0x00007fb4f28ad000)]
  0x00007fb5200b1800 JavaThread "C1 CompilerThread2" daemon [_thread_blocked, id=24824, stack(0x00007fb4f28ad000,0x00007fb4f29ae000)]
  0x00007fb5200af800 JavaThread "C2 CompilerThread1" daemon [_thread_blocked, id=24823, stack(0x00007fb4f29ae000,0x00007fb4f2aaf000)]
  0x00007fb5200ac800 JavaThread "C2 CompilerThread0" daemon [_thread_blocked, id=24822, stack(0x00007fb4f2aaf000,0x00007fb4f2bb0000)]
  0x00007fb5200aa800 JavaThread "Signal Dispatcher" daemon [_thread_blocked, id=24821, stack(0x00007fb5080ce000,0x00007fb5081cf000)]
  0x00007fb520083800 JavaThread "Finalizer" daemon [_thread_blocked, id=24820, stack(0x00007fb5081cf000,0x00007fb5082d0000)]
  0x00007fb52007f000 JavaThread "Reference Handler" daemon [_thread_blocked, id=24819, stack(0x00007fb5100f1000,0x00007fb5101f2000)]
  0x00007fb520009800 JavaThread "main" [_thread_blocked, id=24813, stack(0x00007fb5294b0000,0x00007fb5295b1000)]

Other Threads:
=>0x00007fb520077000 VMThread [stack: 0x00007fb5101f2000,0x00007fb5102f3000] [id=24818]
  0x00007fb5200c3800 WatcherThread [stack: 0x00007fb4f26ab000,0x00007fb4f27ac000] [id=24826]

VM state:at safepoint (normal execution)

VM Mutex/Monitor currently owned by a thread:  ([mutex/lock_event])
[0x00007fb520006030] Threads_lock - owner thread: 0x00007fb520077000
[0x00007fb520006530] Heap_lock - owner thread: 0x00007fb520009800

Heap:
 PSYoungGen      total 407552K, used 106K [0x00000000d7380000, 0x00000000f0280000, 0x0000000100000000)
  eden space 406528K, 0% used [0x00000000d7380000,0x00000000d7380000,0x00000000f0080000)
  from space 1024K, 10% used [0x00000000f0080000,0x00000000f009a930,0x00000000f0180000)
  to   space 1024K, 0% used [0x00000000f0180000,0x00000000f0180000,0x00000000f0280000)
 ParOldGen       total 84992K, used 472K [0x0000000085a00000, 0x000000008ad00000, 0x00000000d7380000)
  object space 84992K, 0% used [0x0000000085a00000,0x0000000085a760d0,0x000000008ad00000)
 Metaspace       used 3124K, capacity 4664K, committed 4864K, reserved 1056768K
  class space    used 338K, capacity 424K, committed 512K, reserved 1048576K

Card table byte_map: [0x00007fb525799000,0x00007fb525b6d000] byte_map_base: 0x00007fb52536c000

Marking Bits: (ParMarkBitMap*) 0x00007fb52877d220
 Begin Bits: [0x00007fb5082d0000, 0x00007fb50a168000)
 End Bits:   [0x00007fb50a168000, 0x00007fb50c000000)

Polling page: 0x00007fb5295cf000

CodeCache: size=245760Kb used=1137Kb max_used=1149Kb free=244622Kb
 bounds [0x00007fb511000000, 0x00007fb511270000, 0x00007fb520000000]
 total_blobs=290 nmethods=48 adapters=158
 compilation: enabled

Compilation events (10 events):
Event: 4.610 Thread 0x00007fb5200ac800 nmethod 44 0x00007fb51111c9d0 code [0x00007fb51111cb40, 0x00007fb51111cfb8]
Event: 4.611 Thread 0x00007fb5200af800 nmethod 43 0x00007fb51111c350 code [0x00007fb51111c4c0, 0x00007fb51111c7d8]
Event: 4.614 Thread 0x00007fb5200af800   45       4       java.lang.StringBuilder::<init> (7 bytes)
Event: 4.616 Thread 0x00007fb5200af800 nmethod 45 0x00007fb51111d3d0 code [0x00007fb51111d520, 0x00007fb51111d618]
Event: 4.616 Thread 0x00007fb5200af800   47       4       java.lang.StringBuilder::append (8 bytes)
Event: 4.624 Thread 0x00007fb5200ac800   46       4       java.lang.StringBuilder::toString (17 bytes)
Event: 4.628 Thread 0x00007fb5200af800 nmethod 47 0x00007fb51111e7d0 code [0x00007fb51111e940, 0x00007fb51111ecb8]
Event: 4.628 Thread 0x00007fb5200af800   48       4       java.net.SocketInputStream::read (44 bytes)
Event: 4.628 Thread 0x00007fb5200af800 nmethod 48 0x00007fb51111ef50 code [0x00007fb51111f0a0, 0x00007fb51111f118]
Event: 4.632 Thread 0x00007fb5200ac800 nmethod 46 0x00007fb51111e050 code [0x00007fb51111e1c0, 0x00007fb51111e558]

GC Heap History (10 events):
Event: 4.641 GC heap after
Heap after GC invocations=6 (full 0):
 PSYoungGen      total 128000K, used 480K [0x00000000d7380000, 0x00000000df180000, 0x0000000100000000)
  eden space 126976K, 0% used [0x00000000d7380000,0x00000000d7380000,0x00000000def80000)
  from space 1024K, 46% used [0x00000000df080000,0x00000000df0f8000,0x00000000df180000)
  to   space 1024K, 0% used [0x00000000def80000,0x00000000def80000,0x00000000df080000)
 ParOldGen       total 84992K, used 24K [0x0000000085a00000, 0x000000008ad00000, 0x00000000d7380000)
  object space 84992K, 0% used [0x0000000085a00000,0x0000000085a06000,0x000000008ad00000)
 Metaspace       used 3124K, capacity 4664K, committed 4864K, reserved 1056768K
  class space    used 338K, capacity 424K, committed 512K, reserved 1048576K
}
Event: 4.658 GC heap before
{Heap before GC invocations=7 (full 0):
 PSYoungGen      total 128000K, used 127456K [0x00000000d7380000, 0x00000000df180000, 0x0000000100000000)
  eden space 126976K, 100% used [0x00000000d7380000,0x00000000def80000,0x00000000def80000)
  from space 1024K, 46% used [0x00000000df080000,0x00000000df0f8000,0x00000000df180000)
  to   space 1024K, 0% used [0x00000000def80000,0x00000000def80000,0x00000000df080000)
 ParOldGen       total 84992K, used 24K [0x0000000085a00000, 0x000000008ad00000, 0x00000000d7380000)
  object space 84992K, 0% used [0x0000000085a00000,0x0000000085a06000,0x000000008ad00000)
 Metaspace       used 3124K, capacity 4664K, committed 4864K, reserved 1056768K
  class space    used 338K, capacity 424K, committed 512K, reserved 1048576K
Event: 4.660 GC heap after
Heap after GC invocations=7 (full 0):
 PSYoungGen      total 128000K, used 102K [0x00000000d7380000, 0x00000000e6d80000, 0x0000000100000000)
  eden space 126976K, 0% used [0x00000000d7380000,0x00000000d7380000,0x00000000def80000)
  from space 1024K, 9% used [0x00000000def80000,0x00000000def99948,0x00000000df080000)
  to   space 1024K, 0% used [0x00000000e6c80000,0x00000000e6c80000,0x00000000e6d80000)
 ParOldGen       total 84992K, used 456K [0x0000000085a00000, 0x000000008ad00000, 0x00000000d7380000)
  object space 84992K, 0% used [0x0000000085a00000,0x0000000085a720d0,0x000000008ad00000)
 Metaspace       used 3124K, capacity 4664K, committed 4864K, reserved 1056768K
  class space    used 338K, capacity 424K, committed 512K, reserved 1048576K
}
Event: 4.672 GC heap before
{Heap before GC invocations=8 (full 0):
 PSYoungGen      total 128000K, used 127078K [0x00000000d7380000, 0x00000000e6d80000, 0x0000000100000000)
  eden space 126976K, 100% used [0x00000000d7380000,0x00000000def80000,0x00000000def80000)
  from space 1024K, 9% used [0x00000000def80000,0x00000000def99948,0x00000000df080000)
  to   space 1024K, 0% used [0x00000000e6c80000,0x00000000e6c80000,0x00000000e6d80000)
 ParOldGen       total 84992K, used 456K [0x0000000085a00000, 0x000000008ad00000, 0x00000000d7380000)
  object space 84992K, 0% used [0x0000000085a00000,0x0000000085a720d0,0x000000008ad00000)
 Metaspace       used 3124K, capacity 4664K, committed 4864K, reserved 1056768K
  class space    used 338K, capacity 424K, committed 512K, reserved 1048576K
Event: 4.674 GC heap after
Heap after GC invocations=8 (full 0):
 PSYoungGen      total 254976K, used 108K [0x00000000d7380000, 0x00000000e6d80000, 0x0000000100000000)
  eden space 253952K, 0% used [0x00000000d7380000,0x00000000d7380000,0x00000000e6b80000)
  from space 1024K, 10% used [0x00000000e6c80000,0x00000000e6c9b130,0x00000000e6d80000)
  to   space 1024K, 0% used [0x00000000e6b80000,0x00000000e6b80000,0x00000000e6c80000)
 ParOldGen       total 84992K, used 464K [0x0000000085a00000, 0x000000008ad00000, 0x00000000d7380000)
  object space 84992K, 0% used [0x0000000085a00000,0x0000000085a740d0,0x000000008ad00000)
 Metaspace       used 3124K, capacity 4664K, committed 4864K, reserved 1056768K
  class space    used 338K, capacity 424K, committed 512K, reserved 1048576K
}
Event: 4.791 GC heap before
{Heap before GC invocations=9 (full 0):
 PSYoungGen      total 254976K, used 254060K [0x00000000d7380000, 0x00000000e6d80000, 0x0000000100000000)
  eden space 253952K, 100% used [0x00000000d7380000,0x00000000e6b80000,0x00000000e6b80000)
  from space 1024K, 10% used [0x00000000e6c80000,0x00000000e6c9b130,0x00000000e6d80000)
  to   space 1024K, 0% used [0x00000000e6b80000,0x00000000e6b80000,0x00000000e6c80000)
 ParOldGen       total 84992K, used 464K [0x0000000085a00000, 0x000000008ad00000, 0x00000000d7380000)
  object space 84992K, 0% used [0x0000000085a00000,0x0000000085a740d0,0x000000008ad00000)
 Metaspace       used 3124K, capacity 4664K, committed 4864K, reserved 1056768K
  class space    used 338K, capacity 424K, committed 512K, reserved 1048576K
Event: 4.792 GC heap after
Heap after GC invocations=9 (full 0):
 PSYoungGen      total 254976K, used 59K [0x00000000d7380000, 0x00000000f0280000, 0x0000000100000000)
  eden space 253952K, 0% used [0x00000000d7380000,0x00000000d7380000,0x00000000e6b80000)
  from space 1024K, 5% used [0x00000000e6b80000,0x00000000e6b8eca0,0x00000000e6c80000)
  to   space 1024K, 0% used [0x00000000f0180000,0x00000000f0180000,0x00000000f0280000)
 ParOldGen       total 84992K, used 472K [0x0000000085a00000, 0x000000008ad00000, 0x00000000d7380000)
  object space 84992K, 0% used [0x0000000085a00000,0x0000000085a760d0,0x000000008ad00000)
 Metaspace       used 3124K, capacity 4664K, committed 4864K, reserved 1056768K
  class space    used 338K, capacity 424K, committed 512K, reserved 1048576K
}
Event: 4.818 GC heap before
{Heap before GC invocations=10 (full 0):
 PSYoungGen      total 254976K, used 254011K [0x00000000d7380000, 0x00000000f0280000, 0x0000000100000000)
  eden space 253952K, 100% used [0x00000000d7380000,0x00000000e6b80000,0x00000000e6b80000)
  from space 1024K, 5% used [0x00000000e6b80000,0x00000000e6b8eca0,0x00000000e6c80000)
  to   space 1024K, 0% used [0x00000000f0180000,0x00000000f0180000,0x00000000f0280000)
 ParOldGen       total 84992K, used 472K [0x0000000085a00000, 0x000000008ad00000, 0x00000000d7380000)
  object space 84992K, 0% used [0x0000000085a00000,0x0000000085a760d0,0x000000008ad00000)
 Metaspace       used 3124K, capacity 4664K, committed 4864K, reserved 1056768K
  class space    used 338K, capacity 424K, committed 512K, reserved 1048576K
Event: 4.825 GC heap after
Heap after GC invocations=10 (full 0):
 PSYoungGen      total 407552K, used 126K [0x00000000d7380000, 0x00000000f0280000, 0x0000000100000000)
  eden space 406528K, 0% used [0x00000000d7380000,0x00000000d7380000,0x00000000f0080000)
  from space 1024K, 12% used [0x00000000f0180000,0x00000000f019f868,0x00000000f0280000)
  to   space 1024K, 0% used [0x00000000f0080000,0x00000000f0080000,0x00000000f0180000)
 ParOldGen       total 84992K, used 472K [0x0000000085a00000, 0x000000008ad00000, 0x00000000d7380000)
  object space 84992K, 0% used [0x0000000085a00000,0x0000000085a760d0,0x000000008ad00000)
 Metaspace       used 3124K, capacity 4664K, committed 4864K, reserved 1056768K
  class space    used 338K, capacity 424K, committed 512K, reserved 1048576K
}
Event: 5.444 GC heap before
{Heap before GC invocations=11 (full 0):
 PSYoungGen      total 407552K, used 406654K [0x00000000d7380000, 0x00000000f0280000, 0x0000000100000000)
  eden space 406528K, 100% used [0x00000000d7380000,0x00000000f0080000,0x00000000f0080000)
  from space 1024K, 12% used [0x00000000f0180000,0x00000000f019f868,0x00000000f0280000)
  to   space 1024K, 0% used [0x00000000f0080000,0x00000000f0080000,0x00000000f0180000)
 ParOldGen       total 84992K, used 472K [0x0000000085a00000, 0x000000008ad00000, 0x00000000d7380000)
  object space 84992K, 0% used [0x0000000085a00000,0x0000000085a760d0,0x000000008ad00000)
 Metaspace       used 3124K, capacity 4664K, committed 4864K, reserved 1056768K
  class space    used 338K, capacity 424K, committed 512K, reserved 1048576K

Deoptimization events (0 events):
No events

Internal exceptions (3 events):
Event: 0.017 Thread 0x00007fb520009800 Exception <a 'java/lang/NoSuchMethodError': Method sun.misc.Unsafe.defineClass(Ljava/lang/String;[BII)Ljava/lang/Class; name or signature does not match> (0x00000000d7387ca8) thrown at [/build/openjdk-8-YiEakL/openjdk-8-8u121-b13/src/hotspot/src/share/vm/
Event: 0.017 Thread 0x00007fb520009800 Exception <a 'java/lang/NoSuchMethodError': Method sun.misc.Unsafe.prefetchRead(Ljava/lang/Object;J)V name or signature does not match> (0x00000000d7387f90) thrown at [/build/openjdk-8-YiEakL/openjdk-8-8u121-b13/src/hotspot/src/share/vm/prims/jni.cpp, lin
Event: 4.543 Thread 0x00007fb520009800 Exception <a 'java/lang/NullPointerException'> (0x00000000d74f9df8) thrown at [/build/openjdk-8-YiEakL/openjdk-8-8u121-b13/src/hotspot/src/share/vm/interpreter/linkResolver.cpp, line 1178]

Events (10 events):
Event: 4.642 Executing VM operation: ParallelGCFailedAllocation done
Event: 4.658 Executing VM operation: ParallelGCFailedAllocation
Event: 4.660 Executing VM operation: ParallelGCFailedAllocation done
Event: 4.672 Executing VM operation: ParallelGCFailedAllocation
Event: 4.674 Executing VM operation: ParallelGCFailedAllocation done
Event: 4.791 Executing VM operation: ParallelGCFailedAllocation
Event: 4.792 Executing VM operation: ParallelGCFailedAllocation done
Event: 4.818 Executing VM operation: ParallelGCFailedAllocation
Event: 4.825 Executing VM operation: ParallelGCFailedAllocation done
Event: 5.444 Executing VM operation: ParallelGCFailedAllocation


Dynamic libraries:
00400000-00401000 r-xp 00000000 08:07 806117                             /usr/lib/jvm/java-8-openjdk-amd64/jre/bin/java
00600000-00601000 r--p 00000000 08:07 806117                             /usr/lib/jvm/java-8-openjdk-amd64/jre/bin/java
00601000-00602000 rw-p 00001000 08:07 806117                             /usr/lib/jvm/java-8-openjdk-amd64/jre/bin/java
025fd000-0261e000 rw-p 00000000 00:00 0                                  [heap]
85a00000-8ad00000 rw-p 00000000 00:00 0 
8ad00000-d7380000 ---p 00000000 00:00 0 
d7380000-f0280000 rw-p 00000000 00:00 0 
ff100000-100000000 ---p 00000000 00:00 0 
100000000-100080000 rw-p 00000000 00:00 0 
100080000-140000000 ---p 00000000 00:00 0 
7fb4d0000000-7fb4d0021000 rw-p 00000000 00:00 0 
7fb4d0021000-7fb4d4000000 ---p 00000000 00:00 0 
7fb4d8000000-7fb4d8047000 rw-p 00000000 00:00 0 
7fb4d8047000-7fb4dc000000 ---p 00000000 00:00 0 
7fb4dc000000-7fb4dc021000 rw-p 00000000 00:00 0 
7fb4dc021000-7fb4e0000000 ---p 00000000 00:00 0 
7fb4e0000000-7fb4e00b6000 rw-p 00000000 00:00 0 
7fb4e00b6000-7fb4e4000000 ---p 00000000 00:00 0 
7fb4e4000000-7fb4e4022000 rw-p 00000000 00:00 0 
7fb4e4022000-7fb4e8000000 ---p 00000000 00:00 0 
7fb4e8000000-7fb4e8021000 rw-p 00000000 00:00 0 
7fb4e8021000-7fb4ec000000 ---p 00000000 00:00 0 
7fb4ec000000-7fb4ec021000 rw-p 00000000 00:00 0 
7fb4ec021000-7fb4f0000000 ---p 00000000 00:00 0 
7fb4f2192000-7fb4f2493000 rw-p 00000000 00:00 0 
7fb4f2493000-7fb4f24aa000 r-xp 00000000 08:07 792933                     /usr/lib/jvm/java-8-openjdk-amd64/jre/lib/amd64/libnet.so
7fb4f24aa000-7fb4f26a9000 ---p 00017000 08:07 792933                     /usr/lib/jvm/java-8-openjdk-amd64/jre/lib/amd64/libnet.so
7fb4f26a9000-7fb4f26aa000 r--p 00016000 08:07 792933                     /usr/lib/jvm/java-8-openjdk-amd64/jre/lib/amd64/libnet.so
7fb4f26aa000-7fb4f26ab000 rw-p 00017000 08:07 792933                     /usr/lib/jvm/java-8-openjdk-amd64/jre/lib/amd64/libnet.so
7fb4f26ab000-7fb4f26ac000 ---p 00000000 00:00 0 
7fb4f26ac000-7fb4f27ac000 rw-p 00000000 00:00 0 
7fb4f27ac000-7fb4f27af000 ---p 00000000 00:00 0 
7fb4f27af000-7fb4f28ad000 rw-p 00000000 00:00 0 
7fb4f28ad000-7fb4f28b0000 ---p 00000000 00:00 0 
7fb4f28b0000-7fb4f29ae000 rw-p 00000000 00:00 0 
7fb4f29ae000-7fb4f29b1000 ---p 00000000 00:00 0 
7fb4f29b1000-7fb4f2aaf000 rw-p 00000000 00:00 0 
7fb4f2aaf000-7fb4f2ab2000 ---p 00000000 00:00 0 
7fb4f2ab2000-7fb4f2bb0000 rw-p 00000000 00:00 0 
7fb4f2bb0000-7fb4f4000000 r--p 00000000 08:07 1051442                    /usr/lib/locale/locale-archive
7fb4f4000000-7fb4f4021000 rw-p 00000000 00:00 0 
7fb4f4021000-7fb4f8000000 ---p 00000000 00:00 0 
7fb4f8000000-7fb4f8021000 rw-p 00000000 00:00 0 
7fb4f8021000-7fb4fc000000 ---p 00000000 00:00 0 
7fb4fc000000-7fb4fc021000 rw-p 00000000 00:00 0 
7fb4fc021000-7fb500000000 ---p 00000000 00:00 0 
7fb500000000-7fb500021000 rw-p 00000000 00:00 0 
7fb500021000-7fb504000000 ---p 00000000 00:00 0 
7fb504000000-7fb504021000 rw-p 00000000 00:00 0 
7fb504021000-7fb508000000 ---p 00000000 00:00 0 
7fb5080ce000-7fb5080d1000 ---p 00000000 00:00 0 
7fb5080d1000-7fb5081cf000 rw-p 00000000 00:00 0 
7fb5081cf000-7fb5081d2000 ---p 00000000 00:00 0 
7fb5081d2000-7fb50c000000 rw-p 00000000 00:00 0 
7fb50c000000-7fb50c021000 rw-p 00000000 00:00 0 
7fb50c021000-7fb510000000 ---p 00000000 00:00 0 
7fb5100d6000-7fb5100f1000 r--s 001d6000 08:07 792969                     /usr/lib/jvm/java-8-openjdk-amd64/jre/lib/ext/nashorn.jar
7fb5100f1000-7fb5100f4000 ---p 00000000 00:00 0 
7fb5100f4000-7fb5101f2000 rw-p 00000000 00:00 0 
7fb5101f2000-7fb5101f3000 ---p 00000000 00:00 0 
7fb5101f3000-7fb511000000 rw-p 00000000 00:00 0 
7fb511000000-7fb511270000 rwxp 00000000 00:00 0 
7fb511270000-7fb520000000 ---p 00000000 00:00 0 
7fb520000000-7fb520149000 rw-p 00000000 00:00 0 
7fb520149000-7fb524000000 ---p 00000000 00:00 0 
7fb524003000-7fb52401e000 r--s 00394000 08:07 792972                     /usr/lib/jvm/java-8-openjdk-amd64/jre/lib/ext/cldrdata.jar
7fb52401e000-7fb5242f1000 rw-p 00000000 00:00 0 
7fb5242f1000-7fb5244bf000 r--s 03c06000 08:07 806112                     /usr/lib/jvm/java-8-openjdk-amd64/jre/lib/rt.jar
7fb5244bf000-7fb524975000 rw-p 00000000 00:00 0 
7fb524975000-7fb524d35000 ---p 00000000 00:00 0 
7fb524d35000-7fb525108000 rw-p 00000000 00:00 0 
7fb525108000-7fb525109000 ---p 00000000 00:00 0 
7fb525109000-7fb525209000 rw-p 00000000 00:00 0 
7fb525209000-7fb52520a000 ---p 00000000 00:00 0 
7fb52520a000-7fb52530a000 rw-p 00000000 00:00 0 
7fb52530a000-7fb52530b000 ---p 00000000 00:00 0 
7fb52530b000-7fb52540b000 rw-p 00000000 00:00 0 
7fb52540b000-7fb52540c000 ---p 00000000 00:00 0 
7fb52540c000-7fb525536000 rw-p 00000000 00:00 0 
7fb525536000-7fb525799000 ---p 00000000 00:00 0 
7fb525799000-7fb5257c3000 rw-p 00000000 00:00 0 
7fb5257c3000-7fb525a25000 ---p 00000000 00:00 0 
7fb525a25000-7fb525aee000 rw-p 00000000 00:00 0 
7fb525aee000-7fb525b6c000 ---p 00000000 00:00 0 
7fb525b6c000-7fb525b77000 rw-p 00000000 00:00 0 
7fb525b77000-7fb525f2d000 ---p 00000000 00:00 0 
7fb525f2d000-7fb525f35000 r-xp 00000000 08:07 792931                     /usr/lib/jvm/java-8-openjdk-amd64/jre/lib/amd64/libzip.so
7fb525f35000-7fb526134000 ---p 00008000 08:07 792931                     /usr/lib/jvm/java-8-openjdk-amd64/jre/lib/amd64/libzip.so
7fb526134000-7fb526135000 r--p 00007000 08:07 792931                     /usr/lib/jvm/java-8-openjdk-amd64/jre/lib/amd64/libzip.so
7fb526135000-7fb526136000 rw-p 00008000 08:07 792931                     /usr/lib/jvm/java-8-openjdk-amd64/jre/lib/amd64/libzip.so
7fb526136000-7fb526141000 r-xp 00000000 08:07 1219539                    /lib/x86_64-linux-gnu/libnss_files-2.23.so
7fb526141000-7fb526340000 ---p 0000b000 08:07 1219539                    /lib/x86_64-linux-gnu/libnss_files-2.23.so
7fb526340000-7fb526341000 r--p 0000a000 08:07 1219539                    /lib/x86_64-linux-gnu/libnss_files-2.23.so
7fb526341000-7fb526342000 rw-p 0000b000 08:07 1219539                    /lib/x86_64-linux-gnu/libnss_files-2.23.so
7fb526342000-7fb526348000 rw-p 00000000 00:00 0 
7fb526348000-7fb526353000 r-xp 00000000 08:07 1219501                    /lib/x86_64-linux-gnu/libnss_nis-2.23.so
7fb526353000-7fb526552000 ---p 0000b000 08:07 1219501                    /lib/x86_64-linux-gnu/libnss_nis-2.23.so
7fb526552000-7fb526553000 r--p 0000a000 08:07 1219501                    /lib/x86_64-linux-gnu/libnss_nis-2.23.so
7fb526553000-7fb526554000 rw-p 0000b000 08:07 1219501                    /lib/x86_64-linux-gnu/libnss_nis-2.23.so
7fb526554000-7fb52656a000 r-xp 00000000 08:07 1219504                    /lib/x86_64-linux-gnu/libnsl-2.23.so
7fb52656a000-7fb526769000 ---p 00016000 08:07 1219504                    /lib/x86_64-linux-gnu/libnsl-2.23.so
7fb526769000-7fb52676a000 r--p 00015000 08:07 1219504                    /lib/x86_64-linux-gnu/libnsl-2.23.so
7fb52676a000-7fb52676b000 rw-p 00016000 08:07 1219504                    /lib/x86_64-linux-gnu/libnsl-2.23.so
7fb52676b000-7fb52676d000 rw-p 00000000 00:00 0 
7fb52676d000-7fb526775000 r-xp 00000000 08:07 1219545                    /lib/x86_64-linux-gnu/libnss_compat-2.23.so
7fb526775000-7fb526974000 ---p 00008000 08:07 1219545                    /lib/x86_64-linux-gnu/libnss_compat-2.23.so
7fb526974000-7fb526975000 r--p 00007000 08:07 1219545                    /lib/x86_64-linux-gnu/libnss_compat-2.23.so
7fb526975000-7fb526976000 rw-p 00008000 08:07 1219545                    /lib/x86_64-linux-gnu/libnss_compat-2.23.so
7fb526976000-7fb5269a3000 r-xp 00000000 08:07 792958                     /usr/lib/jvm/java-8-openjdk-amd64/jre/lib/amd64/libjava.so
7fb5269a3000-7fb526ba2000 ---p 0002d000 08:07 792958                     /usr/lib/jvm/java-8-openjdk-amd64/jre/lib/amd64/libjava.so
7fb526ba2000-7fb526ba3000 r--p 0002c000 08:07 792958                     /usr/lib/jvm/java-8-openjdk-amd64/jre/lib/amd64/libjava.so
7fb526ba3000-7fb526ba5000 rw-p 0002d000 08:07 792958                     /usr/lib/jvm/java-8-openjdk-amd64/jre/lib/amd64/libjava.so
7fb526ba5000-7fb526bb4000 r-xp 00000000 08:07 792924                     /usr/lib/jvm/java-8-openjdk-amd64/jre/lib/amd64/libverify.so
7fb526bb4000-7fb526db3000 ---p 0000f000 08:07 792924                     /usr/lib/jvm/java-8-openjdk-amd64/jre/lib/amd64/libverify.so
7fb526db3000-7fb526db5000 r--p 0000e000 08:07 792924                     /usr/lib/jvm/java-8-openjdk-amd64/jre/lib/amd64/libverify.so
7fb526db5000-7fb526db6000 rw-p 00010000 08:07 792924                     /usr/lib/jvm/java-8-openjdk-amd64/jre/lib/amd64/libverify.so
7fb526db6000-7fb526dbd000 r-xp 00000000 08:07 1219552                    /lib/x86_64-linux-gnu/librt-2.23.so
7fb526dbd000-7fb526fbc000 ---p 00007000 08:07 1219552                    /lib/x86_64-linux-gnu/librt-2.23.so
7fb526fbc000-7fb526fbd000 r--p 00006000 08:07 1219552                    /lib/x86_64-linux-gnu/librt-2.23.so
7fb526fbd000-7fb526fbe000 rw-p 00007000 08:07 1219552                    /lib/x86_64-linux-gnu/librt-2.23.so
7fb526fbe000-7fb526fd4000 r-xp 00000000 08:07 1187337                    /lib/x86_64-linux-gnu/libgcc_s.so.1
7fb526fd4000-7fb5271d3000 ---p 00016000 08:07 1187337                    /lib/x86_64-linux-gnu/libgcc_s.so.1
7fb5271d3000-7fb5271d4000 rw-p 00015000 08:07 1187337                    /lib/x86_64-linux-gnu/libgcc_s.so.1
7fb5271d4000-7fb5272dc000 r-xp 00000000 08:07 1219503                    /lib/x86_64-linux-gnu/libm-2.23.so
7fb5272dc000-7fb5274db000 ---p 00108000 08:07 1219503                    /lib/x86_64-linux-gnu/libm-2.23.so
7fb5274db000-7fb5274dc000 r--p 00107000 08:07 1219503                    /lib/x86_64-linux-gnu/libm-2.23.so
7fb5274dc000-7fb5274dd000 rw-p 00108000 08:07 1219503                    /lib/x86_64-linux-gnu/libm-2.23.so
7fb5274dd000-7fb52764f000 r-xp 00000000 08:07 1052607                    /usr/lib/x86_64-linux-gnu/libstdc++.so.6.0.21
7fb52764f000-7fb52784f000 ---p 00172000 08:07 1052607                    /usr/lib/x86_64-linux-gnu/libstdc++.so.6.0.21
7fb52784f000-7fb527859000 r--p 00172000 08:07 1052607                    /usr/lib/x86_64-linux-gnu/libstdc++.so.6.0.21
7fb527859000-7fb52785b000 rw-p 0017c000 08:07 1052607                    /usr/lib/x86_64-linux-gnu/libstdc++.so.6.0.21
7fb52785b000-7fb52785f000 rw-p 00000000 00:00 0 
7fb52785f000-7fb5284af000 r-xp 00000000 08:07 792953                     /usr/lib/jvm/java-8-openjdk-amd64/jre/lib/amd64/server/libjvm.so
7fb5284af000-7fb5286ae000 ---p 00c50000 08:07 792953                     /usr/lib/jvm/java-8-openjdk-amd64/jre/lib/amd64/server/libjvm.so
7fb5286ae000-7fb528741000 r--p 00c4f000 08:07 792953                     /usr/lib/jvm/java-8-openjdk-amd64/jre/lib/amd64/server/libjvm.so
7fb528741000-7fb52876a000 rw-p 00ce2000 08:07 792953                     /usr/lib/jvm/java-8-openjdk-amd64/jre/lib/amd64/server/libjvm.so
7fb52876a000-7fb52879a000 rw-p 00000000 00:00 0 
7fb52879a000-7fb5287b2000 r-xp 00000000 08:07 1223420                    /lib/x86_64-linux-gnu/libpthread-2.23.so
7fb5287b2000-7fb5289b1000 ---p 00018000 08:07 1223420                    /lib/x86_64-linux-gnu/libpthread-2.23.so
7fb5289b1000-7fb5289b2000 r--p 00017000 08:07 1223420                    /lib/x86_64-linux-gnu/libpthread-2.23.so
7fb5289b2000-7fb5289b3000 rw-p 00018000 08:07 1223420                    /lib/x86_64-linux-gnu/libpthread-2.23.so
7fb5289b3000-7fb5289b7000 rw-p 00000000 00:00 0 
7fb5289b7000-7fb5289ba000 r-xp 00000000 08:07 1219499                    /lib/x86_64-linux-gnu/libdl-2.23.so
7fb5289ba000-7fb528bb9000 ---p 00003000 08:07 1219499                    /lib/x86_64-linux-gnu/libdl-2.23.so
7fb528bb9000-7fb528bba000 r--p 00002000 08:07 1219499                    /lib/x86_64-linux-gnu/libdl-2.23.so
7fb528bba000-7fb528bbb000 rw-p 00003000 08:07 1219499                    /lib/x86_64-linux-gnu/libdl-2.23.so
7fb528bbb000-7fb528bd4000 r-xp 00000000 08:07 1187489                    /lib/x86_64-linux-gnu/libz.so.1.2.8
7fb528bd4000-7fb528dd3000 ---p 00019000 08:07 1187489                    /lib/x86_64-linux-gnu/libz.so.1.2.8
7fb528dd3000-7fb528dd4000 r--p 00018000 08:07 1187489                    /lib/x86_64-linux-gnu/libz.so.1.2.8
7fb528dd4000-7fb528dd5000 rw-p 00019000 08:07 1187489                    /lib/x86_64-linux-gnu/libz.so.1.2.8
7fb528dd5000-7fb528f94000 r-xp 00000000 08:07 1219507                    /lib/x86_64-linux-gnu/libc-2.23.so
7fb528f94000-7fb529194000 ---p 001bf000 08:07 1219507                    /lib/x86_64-linux-gnu/libc-2.23.so
7fb529194000-7fb529198000 r--p 001bf000 08:07 1219507                    /lib/x86_64-linux-gnu/libc-2.23.so
7fb529198000-7fb52919a000 rw-p 001c3000 08:07 1219507                    /lib/x86_64-linux-gnu/libc-2.23.so
7fb52919a000-7fb52919e000 rw-p 00000000 00:00 0 
7fb52919e000-7fb5291ab000 r-xp 00000000 08:07 792948                     /usr/lib/jvm/java-8-openjdk-amd64/jre/lib/amd64/jli/libjli.so
7fb5291ab000-7fb5293ab000 ---p 0000d000 08:07 792948                     /usr/lib/jvm/java-8-openjdk-amd64/jre/lib/amd64/jli/libjli.so
7fb5293ab000-7fb5293ac000 r--p 0000d000 08:07 792948                     /usr/lib/jvm/java-8-openjdk-amd64/jre/lib/amd64/jli/libjli.so
7fb5293ac000-7fb5293ad000 rw-p 0000e000 08:07 792948                     /usr/lib/jvm/java-8-openjdk-amd64/jre/lib/amd64/jli/libjli.so
7fb5293ad000-7fb5293d3000 r-xp 00000000 08:07 1219511                    /lib/x86_64-linux-gnu/ld-2.23.so
7fb5293d9000-7fb5293db000 r--s 00008000 08:07 792968                     /usr/lib/jvm/java-8-openjdk-amd64/jre/lib/ext/sunec.jar
7fb5293db000-7fb5293e5000 r--s 00116000 08:07 792975                     /usr/lib/jvm/java-8-openjdk-amd64/jre/lib/ext/localedata.jar
7fb5293e5000-7fb5294b0000 rw-p 00000000 00:00 0 
7fb5294b0000-7fb5294b3000 ---p 00000000 00:00 0 
7fb5294b3000-7fb5295b6000 rw-p 00000000 00:00 0 
7fb5295b6000-7fb5295ba000 r--s 00037000 08:07 792974                     /usr/lib/jvm/java-8-openjdk-amd64/jre/lib/ext/sunpkcs11.jar
7fb5295ba000-7fb5295bc000 r--s 00001000 08:07 792970                     /usr/lib/jvm/java-8-openjdk-amd64/jre/lib/ext/dnsns.jar
7fb5295bc000-7fb5295bd000 r--s 0000a000 08:07 792996                     /usr/lib/jvm/java-8-openjdk-amd64/jre/lib/ext/jaccess.jar
7fb5295bd000-7fb5295be000 r--s 00010000 08:07 792973                     /usr/lib/jvm/java-8-openjdk-amd64/jre/lib/ext/zipfs.jar
7fb5295be000-7fb5295c3000 r--s 0003b000 08:07 792976                     /usr/lib/jvm/java-8-openjdk-amd64/jre/lib/ext/sunjce_provider.jar
7fb5295c3000-7fb5295c6000 r--s 0000f000 08:07 792971                     /usr/lib/jvm/java-8-openjdk-amd64/jre/lib/ext/icedtea-sound.jar
7fb5295c6000-7fb5295ce000 rw-s 00000000 08:07 921611                     /tmp/hsperfdata_thefoxqr/24812
7fb5295ce000-7fb5295cf000 rw-p 00000000 00:00 0 
7fb5295cf000-7fb5295d0000 ---p 00000000 00:00 0 
7fb5295d0000-7fb5295d2000 rw-p 00000000 00:00 0 
7fb5295d2000-7fb5295d3000 r--p 00025000 08:07 1219511                    /lib/x86_64-linux-gnu/ld-2.23.so
7fb5295d3000-7fb5295d4000 rw-p 00026000 08:07 1219511                    /lib/x86_64-linux-gnu/ld-2.23.so
7fb5295d4000-7fb5295d5000 rw-p 00000000 00:00 0 
7fff5837a000-7fff5839b000 rw-p 00000000 00:00 0                          [stack]
7fff583a5000-7fff583a7000 r--p 00000000 00:00 0                          [vvar]
7fff583a7000-7fff583a9000 r-xp 00000000 00:00 0                          [vdso]
ffffffffff600000-ffffffffff601000 r-xp 00000000 00:00 0                  [vsyscall]

VM Arguments:
java_command: Server
java_class_path (initial): class
Launcher Type: SUN_STANDARD

Environment Variables:
PATH=/home/thefoxqr/bin:/home/thefoxqr/.local/bin:/usr/local/sbin:/usr/local/bin:/usr/sbin:/usr/bin:/sbin:/bin:/usr/games:/usr/local/games
SHELL=/bin/bash
DISPLAY=:0

Signal Handlers:
SIGSEGV: [libjvm.so+0xa66fd0], sa_mask[0]=11111111011111111101111111111110, sa_flags=SA_RESTART|SA_SIGINFO
SIGBUS: [libjvm.so+0xa66fd0], sa_mask[0]=11111111011111111101111111111110, sa_flags=SA_RESTART|SA_SIGINFO
SIGFPE: [libjvm.so+0x8b0180], sa_mask[0]=11111111011111111101111111111110, sa_flags=SA_RESTART|SA_SIGINFO
SIGPIPE: [libjvm.so+0x8b0180], sa_mask[0]=11111111011111111101111111111110, sa_flags=SA_RESTART|SA_SIGINFO
SIGXFSZ: [libjvm.so+0x8b0180], sa_mask[0]=11111111011111111101111111111110, sa_flags=SA_RESTART|SA_SIGINFO
SIGILL: [libjvm.so+0x8b0180], sa_mask[0]=11111111011111111101111111111110, sa_flags=SA_RESTART|SA_SIGINFO
SIGUSR1: SIG_DFL, sa_mask[0]=00000000000000000000000000000000, sa_flags=none
SIGUSR2: [libjvm.so+0x8b0030], sa_mask[0]=00000000000000000000000000000000, sa_flags=SA_RESTART|SA_SIGINFO
SIGHUP: [libjvm.so+0x8b0500], sa_mask[0]=11111111011111111101111111111110, sa_flags=SA_RESTART|SA_SIGINFO
SIGINT: [libjvm.so+0x8b0500], sa_mask[0]=11111111011111111101111111111110, sa_flags=SA_RESTART|SA_SIGINFO
SIGTERM: [libjvm.so+0x8b0500], sa_mask[0]=11111111011111111101111111111110, sa_flags=SA_RESTART|SA_SIGINFO
SIGQUIT: [libjvm.so+0x8b0500], sa_mask[0]=11111111011111111101111111111110, sa_flags=SA_RESTART|SA_SIGINFO


---------------  S Y S T E M  ---------------

OS:DISTRIB_ID="elementary"
DISTRIB_RELEASE=0.4
DISTRIB_CODENAME=loki
DISTRIB_DESCRIPTION="elementary OS 0.4 Loki"

uname:Linux 4.4.0-62-generic #83-Ubuntu SMP Wed Jan 18 14:10:15 UTC 2017 x86_64
libc:glibc 2.23 NPTL 2.23 
rlimit: STACK 8192k, CORE 0k, NPROC 30184, NOFILE 65536, AS infinity
load average:1.02 0.59 0.36

/proc/meminfo:
MemTotal:        8018616 kB
MemFree:          149972 kB
MemAvailable:      87396 kB
Buffers:            2820 kB
Cached:          1142772 kB
SwapCached:            0 kB
Active:          6495024 kB
Inactive:        1081460 kB
Active(anon):    6434512 kB
Inactive(anon):  1022800 kB
Active(file):      60512 kB
Inactive(file):    58660 kB
Unevictable:         248 kB
Mlocked:             248 kB
SwapTotal:             0 kB
SwapFree:              0 kB
Dirty:                28 kB
Writeback:             0 kB
AnonPages:       6431340 kB
Mapped:           864132 kB
Shmem:           1026460 kB
Slab:              99428 kB
SReclaimable:      37772 kB
SUnreclaim:        61656 kB
KernelStack:       33856 kB
PageTables:        88724 kB
NFS_Unstable:          0 kB
Bounce:                0 kB
WritebackTmp:          0 kB
CommitLimit:     4009308 kB
Committed_AS:   32795040 kB
VmallocTotal:   34359738367 kB
VmallocUsed:           0 kB
VmallocChunk:          0 kB
HardwareCorrupted:     0 kB
AnonHugePages:   3571712 kB
CmaTotal:              0 kB
CmaFree:               0 kB
HugePages_Total:       0
HugePages_Free:        0
HugePages_Rsvd:        0
HugePages_Surp:        0
Hugepagesize:       2048 kB
DirectMap4k:      208220 kB
DirectMap2M:     8024064 kB
DirectMap1G:           0 kB


CPU:total 4 (2 cores per cpu, 2 threads per core) family 6 model 78 stepping 3, cmov, cx8, fxsr, mmx, sse, sse2, sse3, ssse3, sse4.1, sse4.2, popcnt, avx, avx2, aes, clmul, erms, 3dnowpref, lzcnt, ht, tsc, tscinvbit, bmi1, bmi2, adx

/proc/cpuinfo:
processor	: 0
vendor_id	: GenuineIntel
cpu family	: 6
model		: 78
model name	: Intel(R) Core(TM) i5-6200U CPU @ 2.30GHz
stepping	: 3
microcode	: 0x82
cpu MHz		: 2630.906
cache size	: 3072 KB
physical id	: 0
siblings	: 4
core id		: 0
cpu cores	: 2
apicid		: 0
initial apicid	: 0
fpu		: yes
fpu_exception	: yes
cpuid level	: 22
wp		: yes
flags		: fpu vme de pse tsc msr pae mce cx8 apic sep mtrr pge mca cmov pat pse36 clflush dts acpi mmx fxsr sse sse2 ss ht tm pbe syscall nx pdpe1gb rdtscp lm constant_tsc art arch_perfmon pebs bts rep_good nopl xtopology nonstop_tsc aperfmperf eagerfpu pni pclmulqdq dtes64 monitor ds_cpl vmx est tm2 ssse3 sdbg fma cx16 xtpr pdcm pcid sse4_1 sse4_2 x2apic movbe popcnt tsc_deadline_timer aes xsave avx f16c rdrand lahf_lm abm 3dnowprefetch epb intel_pt tpr_shadow vnmi flexpriority ept vpid fsgsbase tsc_adjust bmi1 avx2 smep bmi2 erms invpcid mpx rdseed adx smap clflushopt xsaveopt xsavec xgetbv1 dtherm ida arat pln pts hwp hwp_notify hwp_act_window hwp_epp
bugs		:
bogomips	: 4799.92
clflush size	: 64
cache_alignment	: 64
address sizes	: 39 bits physical, 48 bits virtual
power management:

processor	: 1
vendor_id	: GenuineIntel
cpu family	: 6
model		: 78
model name	: Intel(R) Core(TM) i5-6200U CPU @ 2.30GHz
stepping	: 3
microcode	: 0x82
cpu MHz		: 2675.156
cache size	: 3072 KB
physical id	: 0
siblings	: 4
core id		: 1
cpu cores	: 2
apicid		: 2
initial apicid	: 2
fpu		: yes
fpu_exception	: yes
cpuid level	: 22
wp		: yes
flags		: fpu vme de pse tsc msr pae mce cx8 apic sep mtrr pge mca cmov pat pse36 clflush dts acpi mmx fxsr sse sse2 ss ht tm pbe syscall nx pdpe1gb rdtscp lm constant_tsc art arch_perfmon pebs bts rep_good nopl xtopology nonstop_tsc aperfmperf eagerfpu pni pclmulqdq dtes64 monitor ds_cpl vmx est tm2 ssse3 sdbg fma cx16 xtpr pdcm pcid sse4_1 sse4_2 x2apic movbe popcnt tsc_deadline_timer aes xsave avx f16c rdrand lahf_lm abm 3dnowprefetch epb intel_pt tpr_shadow vnmi flexpriority ept vpid fsgsbase tsc_adjust bmi1 avx2 smep bmi2 erms invpcid mpx rdseed adx smap clflushopt xsaveopt xsavec xgetbv1 dtherm ida arat pln pts hwp hwp_notify hwp_act_window hwp_epp
bugs		:
bogomips	: 4799.92
clflush size	: 64
cache_alignment	: 64
address sizes	: 39 bits physical, 48 bits virtual
power management:

processor	: 2
vendor_id	: GenuineIntel
cpu family	: 6
model		: 78
model name	: Intel(R) Core(TM) i5-6200U CPU @ 2.30GHz
stepping	: 3
microcode	: 0x82
cpu MHz		: 2574.750
cache size	: 3072 KB
physical id	: 0
siblings	: 4
core id		: 0
cpu cores	: 2
apicid		: 1
initial apicid	: 1
fpu		: yes
fpu_exception	: yes
cpuid level	: 22
wp		: yes
flags		: fpu vme de pse tsc msr pae mce cx8 apic sep mtrr pge mca cmov pat pse36 clflush dts acpi mmx fxsr sse sse2 ss ht tm pbe syscall nx pdpe1gb rdtscp lm constant_tsc art arch_perfmon pebs bts rep_good nopl xtopology nonstop_tsc aperfmperf eagerfpu pni pclmulqdq dtes64 monitor ds_cpl vmx est tm2 ssse3 sdbg fma cx16 xtpr pdcm pcid sse4_1 sse4_2 x2apic movbe popcnt tsc_deadline_timer aes xsave avx f16c rdrand lahf_lm abm 3dnowprefetch epb intel_pt tpr_shadow vnmi flexpriority ept vpid fsgsbase tsc_adjust bmi1 avx2 smep bmi2 erms invpcid mpx rdseed adx smap clflushopt xsaveopt xsavec xgetbv1 dtherm ida arat pln pts hwp hwp_notify hwp_act_window hwp_epp
bugs		:
bogomips	: 4799.92
clflush size	: 64
cache_alignment	: 64
address sizes	: 39 bits physical, 48 bits virtual
power management:

processor	: 3
vendor_id	: GenuineIntel
cpu family	: 6
model		: 78
model name	: Intel(R) Core(TM) i5-6200U CPU @ 2.30GHz
stepping	: 3
microcode	: 0x82
cpu MHz		: 2563.593
cache size	: 3072 KB
physical id	: 0
siblings	: 4
core id		: 1
cpu cores	: 2
apicid		: 3
initial apicid	: 3
fpu		: yes
fpu_exception	: yes
cpuid level	: 22
wp		: yes
flags		: fpu vme de pse tsc msr pae mce cx8 apic sep mtrr pge mca cmov pat pse36 clflush dts acpi mmx fxsr sse sse2 ss ht tm pbe syscall nx pdpe1gb rdtscp lm constant_tsc art arch_perfmon pebs bts rep_good nopl xtopology nonstop_tsc aperfmperf eagerfpu pni pclmulqdq dtes64 monitor ds_cpl vmx est tm2 ssse3 sdbg fma cx16 xtpr pdcm pcid sse4_1 sse4_2 x2apic movbe popcnt tsc_deadline_timer aes xsave avx f16c rdrand lahf_lm abm 3dnowprefetch epb intel_pt tpr_shadow vnmi flexpriority ept vpid fsgsbase tsc_adjust bmi1 avx2 smep bmi2 erms invpcid mpx rdseed adx smap clflushopt xsaveopt xsavec xgetbv1 dtherm ida arat pln pts hwp hwp_notify hwp_act_window hwp_epp
bugs		:
bogomips	: 4799.92
clflush size	: 64
cache_alignment	: 64
address sizes	: 39 bits physical, 48 bits virtual
power management:



Memory: 4k page, physical 8018616k(149740k free), swap 0k(0k free)

vm_info: OpenJDK 64-Bit Server VM (25.121-b13) for linux-amd64 JRE (1.8.0_121-8u121-b13-0ubuntu1.16.04.2-b13), built on Jan 23 2017 15:51:29 by "buildd" with gcc 5.4.0 20160609

time: Sun Apr 23 11:13:47 2017
elapsed time: 5 seconds (0d 0h 0m 5s)

